Command line:
   simdecodificador3a8_isim_beh.exe
     -simmode  gui
     -simrunnum  0
     -socket  49412

Sat Dec 19 12:08:34 2015


 Elaboration Time: 0.078125 sec

 Current Memory Usage: 360.395 Meg

 Total Signals          : 4
 Total Nets             : 11
 Total Signal Drivers   : 2
 Total Blocks           : 3
 Total Primitive Blocks : 2
 Total Processes        : 2
 Total Traceable Variables  : 8
 Total Scalar Nets and Variables : 371
Total Line Count : 20

 Total Simulation Time: 0.15625 sec

 Current Memory Usage: 674.984 Meg

Sat Dec 19 12:09:38 2015

