Command line:
   simpuertaxnor_isim_beh.exe
     -simmode  gui
     -simrunnum  0
     -socket  49620

Sat Jan 30 15:58:14 2016


 Elaboration Time: 0.078125 sec

 Current Memory Usage: 360.378 Meg

 Total Signals          : 6
 Total Nets             : 3
 Total Signal Drivers   : 3
 Total Blocks           : 3
 Total Primitive Blocks : 2
 Total Processes        : 2
 Total Traceable Variables  : 8
 Total Scalar Nets and Variables : 363
Total Line Count : 12

 Total Simulation Time: 0.09375 sec

 Current Memory Usage: 360.378 Meg

Sat Jan 30 15:58:37 2016

