Command line:
   simcontador_isim_beh.exe
     -simmode  gui
     -simrunnum  0
     -socket  49414

Tue Dec 15 15:34:29 2015


 Elaboration Time: 0.09375 sec

 Current Memory Usage: 360.419 Meg

 Total Signals          : 9
 Total Nets             : 15
 Total Signal Drivers   : 5
 Total Blocks           : 4
 Total Primitive Blocks : 3
 Total Processes        : 4
 Total Traceable Variables  : 14
 Total Scalar Nets and Variables : 499
Total Line Count : 23

 Total Simulation Time: 0.140625 sec

 Current Memory Usage: 675.009 Meg

Tue Dec 15 15:35:38 2015

