Command line:
   simparidad_isim_beh.exe
     -simmode  gui
     -simrunnum  0
     -socket  49344

Thu Dec 24 10:27:12 2015


 Elaboration Time: 0.078125 sec

 Current Memory Usage: 357.368 Meg

 Total Signals          : 10
 Total Nets             : 6
 Total Signal Drivers   : 6
 Total Blocks           : 3
 Total Primitive Blocks : 2
 Total Processes        : 4
 Total Traceable Variables  : 9
 Total Scalar Nets and Variables : 367
Total Line Count : 51
Total Line Count : 51

 Total Simulation Time: 0.484375 sec

 Current Memory Usage: 357.368 Meg

Thu Dec 24 10:29:40 2015

