Command line:
   simcontroller_isim_beh.exe
     -simmode  gui
     -simrunnum  0
     -socket  49444

Tue Dec 15 16:41:32 2015


 Elaboration Time: 0.09375 sec

 Current Memory Usage: 360.485 Meg

 Total Signals          : 25
 Total Nets             : 21
 Total Signal Drivers   : 14
 Total Blocks           : 4
 Total Primitive Blocks : 3
 Total Processes        : 5
 Total Traceable Variables  : 14
 Total Scalar Nets and Variables : 505
Total Line Count : 120
Total Line Count : 120

 Total Simulation Time: 0.265625 sec

 Current Memory Usage: 360.485 Meg

Tue Dec 15 16:43:41 2015

