Command line:
   simpatron_isim_beh.exe
     -simmode  gui
     -simrunnum  0
     -socket  49578

Sat Dec 19 13:45:57 2015


 Elaboration Time: 0.09375 sec

 Current Memory Usage: 360.378 Meg

 Total Signals          : 10
 Total Nets             : 6
 Total Signal Drivers   : 6
 Total Blocks           : 3
 Total Primitive Blocks : 2
 Total Processes        : 4
 Total Traceable Variables  : 9
 Total Scalar Nets and Variables : 367
Total Line Count : 66
Total Line Count : 66
Total Line Count : 66
Total Line Count : 66

 Total Simulation Time: 0.34375 sec

 Current Memory Usage: 360.378 Meg

Sat Dec 19 13:49:52 2015

