Release 14.7 - xst P.20131013 (nt64)
Copyright (c) 1995-2013 Xilinx, Inc.  All rights reserved.
--> Parameter TMPDIR set to xst/projnav.tmp


Total REAL time to Xst completion: 0.00 secs
Total CPU time to Xst completion: 0.25 secs
 
--> Parameter xsthdpdir set to xst


Total REAL time to Xst completion: 0.00 secs
Total CPU time to Xst completion: 0.25 secs
 
--> Reading design: sumador_restador_N.prj

TABLE OF CONTENTS
  1) Synthesis Options Summary
  2) HDL Compilation
  3) Design Hierarchy Analysis
  4) HDL Analysis
  5) HDL Synthesis
     5.1) HDL Synthesis Report
  6) Advanced HDL Synthesis
     6.1) Advanced HDL Synthesis Report
  7) Low Level Synthesis
  8) Partition Report
  9) Final Report
	9.1) Device utilization summary
	9.2) Partition Resource Summary
	9.3) TIMING REPORT


=========================================================================
*                      Synthesis Options Summary                        *
=========================================================================
---- Source Parameters
Input File Name                    : "sumador_restador_N.prj"
Input Format                       : mixed
Ignore Synthesis Constraint File   : NO

---- Target Parameters
Output File Name                   : "sumador_restador_N"
Output Format                      : NGC
Target Device                      : xc3s1000-5-ft256

---- Source Options
Top Module Name                    : sumador_restador_N
Automatic FSM Extraction           : YES
FSM Encoding Algorithm             : Auto
Safe Implementation                : No
FSM Style                          : LUT
RAM Extraction                     : Yes
RAM Style                          : Auto
ROM Extraction                     : Yes
Mux Style                          : Auto
Decoder Extraction                 : YES
Priority Encoder Extraction        : Yes
Shift Register Extraction          : YES
Logical Shifter Extraction         : YES
XOR Collapsing                     : YES
ROM Style                          : Auto
Mux Extraction                     : Yes
Resource Sharing                   : YES
Asynchronous To Synchronous        : NO
Multiplier Style                   : Auto
Automatic Register Balancing       : No

---- Target Options
Add IO Buffers                     : YES
Global Maximum Fanout              : 100000
Add Generic Clock Buffer(BUFG)     : 8
Register Duplication               : YES
Slice Packing                      : YES
Optimize Instantiated Primitives   : NO
Use Clock Enable                   : Yes
Use Synchronous Set                : Yes
Use Synchronous Reset              : Yes
Pack IO Registers into IOBs        : Auto
Equivalent register Removal        : YES

---- General Options
Optimization Goal                  : Speed
Optimization Effort                : 1
Keep Hierarchy                     : No
Netlist Hierarchy                  : As_Optimized
RTL Output                         : Yes
Global Optimization                : AllClockNets
Read Cores                         : YES
Write Timing Constraints           : NO
Cross Clock Analysis               : NO
Hierarchy Separator                : /
Bus Delimiter                      : <>
Case Specifier                     : Maintain
Slice Utilization Ratio            : 100
BRAM Utilization Ratio             : 100
Verilog 2001                       : YES
Auto BRAM Packing                  : NO
Slice Utilization Ratio Delta      : 5

=========================================================================


=========================================================================
*                          HDL Compilation                              *
=========================================================================
Compiling vhdl file "C:/Xilinx/Practica4/sumador_restador_N.vhd" in Library work.
Entity <sumador_restador_N> compiled.
Entity <sumador_restador_N> (Architecture <Behavioral>) compiled.

=========================================================================
*                     Design Hierarchy Analysis                         *
=========================================================================
Analyzing hierarchy for entity <sumador_restador_N> in library <work> (architecture <Behavioral>) with generics.
	n = 8


=========================================================================
*                            HDL Analysis                               *
=========================================================================
Analyzing generic Entity <sumador_restador_N> in library <work> (Architecture <Behavioral>).
	n = 8
Entity <sumador_restador_N> analyzed. Unit <sumador_restador_N> generated.


=========================================================================
*                           HDL Synthesis                               *
=========================================================================

Performing bidirectional port resolution...

Synthesizing Unit <sumador_restador_N>.
    Related source file is "C:/Xilinx/Practica4/sumador_restador_N.vhd".
    Found 10-bit addsub for signal <C>.
    Summary:
	inferred   1 Adder/Subtractor(s).
Unit <sumador_restador_N> synthesized.

INFO:Xst:1767 - HDL ADVISOR - Resource sharing has identified that some arithmetic operations in this design can share the same physical resources for reduced device utilization. For improved clock frequency you may try to disable resource sharing.

=========================================================================
HDL Synthesis Report

Macro Statistics
# Adders/Subtractors                                   : 1
 10-bit addsub                                         : 1

=========================================================================

=========================================================================
*                       Advanced HDL Synthesis                          *
=========================================================================


=========================================================================
Advanced HDL Synthesis Report

Macro Statistics
# Adders/Subtractors                                   : 1
 10-bit addsub                                         : 1

=========================================================================

=========================================================================
*                         Low Level Synthesis                           *
=========================================================================

Optimizing unit <sumador_restador_N> ...

Mapping all equations...
Building and optimizing final netlist ...
Found area constraint ratio of 100 (+ 5) on block sumador_restador_N, actual ratio is 0.

Final Macro Processing ...

=========================================================================
Final Register Report

Found no macro
=========================================================================

=========================================================================
*                           Partition Report                            *
=========================================================================

Partition Implementation Status
-------------------------------

  No Partitions were found in this design.

-------------------------------

=========================================================================
*                            Final Report                               *
=========================================================================
Final Results
RTL Top Level Output File Name     : sumador_restador_N.ngr
Top Level Output File Name         : sumador_restador_N
Output Format                      : NGC
Optimization Goal                  : Speed
Keep Hierarchy                     : No

Design Statistics
# IOs                              : 31

Cell Usage :
# BELS                             : 29
#      LUT3                        : 10
#      MUXCY                       : 9
#      XORCY                       : 10
# IO Buffers                       : 31
#      IBUF                        : 21
#      OBUF                        : 10
=========================================================================

Device utilization summary:
---------------------------

Selected Device : 3s1000ft256-5 

 Number of Slices:                        5  out of   7680     0%  
 Number of 4 input LUTs:                 10  out of  15360     0%  
 Number of IOs:                          31
 Number of bonded IOBs:                  31  out of    173    17%  

---------------------------
Partition Resource Summary:
---------------------------

  No Partitions were found in this design.

---------------------------


=========================================================================
TIMING REPORT

NOTE: THESE TIMING NUMBERS ARE ONLY A SYNTHESIS ESTIMATE.
      FOR ACCURATE TIMING INFORMATION PLEASE REFER TO THE TRACE REPORT
      GENERATED AFTER PLACE-and-ROUTE.

Clock Information:
------------------
No clock signals found in this design

Asynchronous Control Signals Information:
----------------------------------------
No asynchronous control signals found in this design

Timing Summary:
---------------
Speed Grade: -5

   Minimum period: No path found
   Minimum input arrival time before clock: No path found
   Maximum output required time after clock: No path found
   Maximum combinational path delay: 9.480ns

Timing Detail:
--------------
All values displayed in nanoseconds (ns)

=========================================================================
Timing constraint: Default path analysis
  Total number of paths / destination ports: 220 / 10
-------------------------------------------------------------------------
Delay:               9.480ns (Levels of Logic = 13)
  Source:            sum (PAD)
  Destination:       C<9> (PAD)

  Data Path: sum to C<9>
                                Gate     Net
    Cell:in->out      fanout   Delay   Delay  Logical Name (Net Name)
    ----------------------------------------  ------------
     IBUF:I->O            11   0.715   1.031  sum_IBUF (sum1)
     LUT3:I2->O            1   0.479   0.000  Maddsub_C_lut<0> (Maddsub_C_lut<0>)
     MUXCY:S->O            1   0.435   0.000  Maddsub_C_cy<0> (Maddsub_C_cy<0>)
     MUXCY:CI->O           1   0.056   0.000  Maddsub_C_cy<1> (Maddsub_C_cy<1>)
     MUXCY:CI->O           1   0.056   0.000  Maddsub_C_cy<2> (Maddsub_C_cy<2>)
     MUXCY:CI->O           1   0.056   0.000  Maddsub_C_cy<3> (Maddsub_C_cy<3>)
     MUXCY:CI->O           1   0.056   0.000  Maddsub_C_cy<4> (Maddsub_C_cy<4>)
     MUXCY:CI->O           1   0.056   0.000  Maddsub_C_cy<5> (Maddsub_C_cy<5>)
     MUXCY:CI->O           1   0.056   0.000  Maddsub_C_cy<6> (Maddsub_C_cy<6>)
     MUXCY:CI->O           1   0.056   0.000  Maddsub_C_cy<7> (Maddsub_C_cy<7>)
     MUXCY:CI->O           0   0.056   0.000  Maddsub_C_cy<8> (Maddsub_C_cy<8>)
     XORCY:CI->O           1   0.786   0.681  Maddsub_C_xor<9> (C_9_OBUF)
     OBUF:I->O                 4.909          C_9_OBUF (C<9>)
    ----------------------------------------
    Total                      9.480ns (7.768ns logic, 1.712ns route)
                                       (81.9% logic, 18.1% route)

=========================================================================


Total REAL time to Xst completion: 12.00 secs
Total CPU time to Xst completion: 11.64 secs
 
--> 

Total memory usage is 233352 kilobytes

Number of errors   :    0 (   0 filtered)
Number of warnings :    0 (   0 filtered)
Number of infos    :    1 (   0 filtered)

