Command line:
   simdivider_isim_beh.exe
     -simmode  gui
     -simrunnum  0
     -socket  49434

Wed Nov 25 16:03:37 2015


 Elaboration Time: 0.078125 sec

 Current Memory Usage: 360.354 Meg

 Total Signals          : 7
 Total Nets             : 19
 Total Signal Drivers   : 5
 Total Blocks           : 2
 Total Primitive Blocks : 2
 Total Processes        : 2
 Total Traceable Variables  : 9
 Total Scalar Nets and Variables : 380
Total Line Count : 19

 Total Simulation Time: 0.09375 sec

 Current Memory Usage: 360.354 Meg

Wed Nov 25 16:03:40 2015

