Command line:
   simregistro_des_isim_beh.exe
     -simmode  gui
     -simrunnum  0
     -socket  49476

Mon Nov 23 19:43:18 2015


 Elaboration Time: 0.09375 sec

 Current Memory Usage: 357.499 Meg

 Total Signals          : 13
 Total Nets             : 25
 Total Signal Drivers   : 7
 Total Blocks           : 4
 Total Primitive Blocks : 3
 Total Processes        : 4
 Total Traceable Variables  : 14
 Total Scalar Nets and Variables : 509
Total Line Count : 33

 Total Simulation Time: 0.171875 sec

 Current Memory Usage: 357.499 Meg

Mon Nov 23 19:45:47 2015

