Release 14.7 - xst P.20131013 (nt64)
Copyright (c) 1995-2013 Xilinx, Inc.  All rights reserved.
--> Parameter TMPDIR set to xst/projnav.tmp


Total REAL time to Xst completion: 0.00 secs
Total CPU time to Xst completion: 0.25 secs
 
--> Parameter xsthdpdir set to xst


Total REAL time to Xst completion: 0.00 secs
Total CPU time to Xst completion: 0.26 secs
 
--> Reading design: conv_serie_paralelo.prj

TABLE OF CONTENTS
  1) Synthesis Options Summary
  2) HDL Compilation
  3) Design Hierarchy Analysis
  4) HDL Analysis
  5) HDL Synthesis
     5.1) HDL Synthesis Report
  6) Advanced HDL Synthesis
     6.1) Advanced HDL Synthesis Report
  7) Low Level Synthesis
  8) Partition Report
  9) Final Report
	9.1) Device utilization summary
	9.2) Partition Resource Summary
	9.3) TIMING REPORT


=========================================================================
*                      Synthesis Options Summary                        *
=========================================================================
---- Source Parameters
Input File Name                    : "conv_serie_paralelo.prj"
Input Format                       : mixed
Ignore Synthesis Constraint File   : NO

---- Target Parameters
Output File Name                   : "conv_serie_paralelo"
Output Format                      : NGC
Target Device                      : xc3s1000-5-ft256

---- Source Options
Top Module Name                    : conv_serie_paralelo
Automatic FSM Extraction           : YES
FSM Encoding Algorithm             : Auto
Safe Implementation                : No
FSM Style                          : LUT
RAM Extraction                     : Yes
RAM Style                          : Auto
ROM Extraction                     : Yes
Mux Style                          : Auto
Decoder Extraction                 : YES
Priority Encoder Extraction        : Yes
Shift Register Extraction          : YES
Logical Shifter Extraction         : YES
XOR Collapsing                     : YES
ROM Style                          : Auto
Mux Extraction                     : Yes
Resource Sharing                   : YES
Asynchronous To Synchronous        : NO
Multiplier Style                   : Auto
Automatic Register Balancing       : No

---- Target Options
Add IO Buffers                     : YES
Global Maximum Fanout              : 100000
Add Generic Clock Buffer(BUFG)     : 8
Register Duplication               : YES
Slice Packing                      : YES
Optimize Instantiated Primitives   : NO
Use Clock Enable                   : Yes
Use Synchronous Set                : Yes
Use Synchronous Reset              : Yes
Pack IO Registers into IOBs        : Auto
Equivalent register Removal        : YES

---- General Options
Optimization Goal                  : Speed
Optimization Effort                : 1
Keep Hierarchy                     : No
Netlist Hierarchy                  : As_Optimized
RTL Output                         : Yes
Global Optimization                : AllClockNets
Read Cores                         : YES
Write Timing Constraints           : NO
Cross Clock Analysis               : NO
Hierarchy Separator                : /
Bus Delimiter                      : <>
Case Specifier                     : Maintain
Slice Utilization Ratio            : 100
BRAM Utilization Ratio             : 100
Verilog 2001                       : YES
Auto BRAM Packing                  : NO
Slice Utilization Ratio Delta      : 5

=========================================================================


=========================================================================
*                          HDL Compilation                              *
=========================================================================
Compiling vhdl file "C:/Xilinx/Problema11/registro_despl.vhd" in Library work.
Architecture behavioral of Entity registro_despl is up to date.
Compiling vhdl file "C:/Xilinx/Problema11/contador_mod6.vhd" in Library work.
Architecture behavioral of Entity contador_mod6 is up to date.
Compiling vhdl file "C:/Xilinx/Problema11/conv_serie_paralelo.vhd" in Library work.
Entity <conv_serie_paralelo> compiled.
Entity <conv_serie_paralelo> (Architecture <behavioral>) compiled.

=========================================================================
*                     Design Hierarchy Analysis                         *
=========================================================================
Analyzing hierarchy for entity <conv_serie_paralelo> in library <work> (architecture <behavioral>).

Analyzing hierarchy for entity <registro_despl> in library <work> (architecture <behavioral>).

Analyzing hierarchy for entity <contador_mod6> in library <work> (architecture <behavioral>).


=========================================================================
*                            HDL Analysis                               *
=========================================================================
Analyzing Entity <conv_serie_paralelo> in library <work> (Architecture <behavioral>).
Entity <conv_serie_paralelo> analyzed. Unit <conv_serie_paralelo> generated.

Analyzing Entity <registro_despl> in library <work> (Architecture <behavioral>).
Entity <registro_despl> analyzed. Unit <registro_despl> generated.

Analyzing Entity <contador_mod6> in library <work> (Architecture <behavioral>).
Entity <contador_mod6> analyzed. Unit <contador_mod6> generated.


=========================================================================
*                           HDL Synthesis                               *
=========================================================================

Performing bidirectional port resolution...

Synthesizing Unit <registro_despl>.
    Related source file is "C:/Xilinx/Problema11/registro_despl.vhd".
    Found 4-bit register for signal <Q_i>.
    Summary:
	inferred   4 D-type flip-flop(s).
Unit <registro_despl> synthesized.


Synthesizing Unit <contador_mod6>.
    Related source file is "C:/Xilinx/Problema11/contador_mod6.vhd".
    Found 3-bit up counter for signal <B_i>.
    Summary:
	inferred   1 Counter(s).
Unit <contador_mod6> synthesized.


Synthesizing Unit <conv_serie_paralelo>.
    Related source file is "C:/Xilinx/Problema11/conv_serie_paralelo.vhd".
    Found 3-bit comparator greater for signal <despl_i$cmp_gt0000> created at line 62.
    Summary:
	inferred   1 Comparator(s).
Unit <conv_serie_paralelo> synthesized.


=========================================================================
HDL Synthesis Report

Macro Statistics
# Counters                                             : 1
 3-bit up counter                                      : 1
# Registers                                            : 1
 4-bit register                                        : 1
# Comparators                                          : 1
 3-bit comparator greater                              : 1

=========================================================================

=========================================================================
*                       Advanced HDL Synthesis                          *
=========================================================================


=========================================================================
Advanced HDL Synthesis Report

Macro Statistics
# Counters                                             : 1
 3-bit up counter                                      : 1
# Registers                                            : 4
 Flip-Flops                                            : 4
# Comparators                                          : 1
 3-bit comparator greater                              : 1

=========================================================================

=========================================================================
*                         Low Level Synthesis                           *
=========================================================================

Optimizing unit <conv_serie_paralelo> ...

Optimizing unit <registro_despl> ...

Mapping all equations...
Building and optimizing final netlist ...
Found area constraint ratio of 100 (+ 5) on block conv_serie_paralelo, actual ratio is 0.

Final Macro Processing ...

=========================================================================
Final Register Report

Macro Statistics
# Registers                                            : 7
 Flip-Flops                                            : 7

=========================================================================

=========================================================================
*                           Partition Report                            *
=========================================================================

Partition Implementation Status
-------------------------------

  No Partitions were found in this design.

-------------------------------

=========================================================================
*                            Final Report                               *
=========================================================================
Final Results
RTL Top Level Output File Name     : conv_serie_paralelo.ngr
Top Level Output File Name         : conv_serie_paralelo
Output Format                      : NGC
Optimization Goal                  : Speed
Keep Hierarchy                     : No

Design Statistics
# IOs                              : 8

Cell Usage :
# BELS                             : 7
#      INV                         : 1
#      LUT2                        : 1
#      LUT3                        : 5
# FlipFlops/Latches                : 7
#      FDCE                        : 7
# Clock Buffers                    : 1
#      BUFGP                       : 1
# IO Buffers                       : 7
#      IBUF                        : 3
#      OBUF                        : 4
=========================================================================

Device utilization summary:
---------------------------

Selected Device : 3s1000ft256-5 

 Number of Slices:                        4  out of   7680     0%  
 Number of Slice Flip Flops:              7  out of  15360     0%  
 Number of 4 input LUTs:                  7  out of  15360     0%  
 Number of IOs:                           8
 Number of bonded IOBs:                   8  out of    173     4%  
 Number of GCLKs:                         1  out of      8    12%  

---------------------------
Partition Resource Summary:
---------------------------

  No Partitions were found in this design.

---------------------------


=========================================================================
TIMING REPORT

NOTE: THESE TIMING NUMBERS ARE ONLY A SYNTHESIS ESTIMATE.
      FOR ACCURATE TIMING INFORMATION PLEASE REFER TO THE TRACE REPORT
      GENERATED AFTER PLACE-and-ROUTE.

Clock Information:
------------------
-----------------------------------+------------------------+-------+
Clock Signal                       | Clock buffer(FF name)  | Load  |
-----------------------------------+------------------------+-------+
clk                                | BUFGP                  | 7     |
-----------------------------------+------------------------+-------+

Asynchronous Control Signals Information:
----------------------------------------
-----------------------------------+------------------------+-------+
Control Signal                     | Buffer(FF name)        | Load  |
-----------------------------------+------------------------+-------+
reset                              | IBUF                   | 7     |
-----------------------------------+------------------------+-------+

Timing Summary:
---------------
Speed Grade: -5

   Minimum period: 3.431ns (Maximum Frequency: 291.460MHz)
   Minimum input arrival time before clock: 3.699ns
   Maximum output required time after clock: 6.280ns
   Maximum combinational path delay: No path found

Timing Detail:
--------------
All values displayed in nanoseconds (ns)

=========================================================================
Timing constraint: Default period analysis for Clock 'clk'
  Clock period: 3.431ns (frequency: 291.460MHz)
  Total number of paths / destination ports: 17 / 10
-------------------------------------------------------------------------
Delay:               3.431ns (Levels of Logic = 1)
  Source:            cont/B_i_2 (FF)
  Destination:       reg/Q_i_3 (FF)
  Source Clock:      clk rising
  Destination Clock: clk rising

  Data Path: cont/B_i_2 to reg/Q_i_3
                                Gate     Net
    Cell:in->out      fanout   Delay   Delay  Logical Name (Net Name)
    ----------------------------------------  ------------
     FDCE:C->Q             6   0.626   1.023  cont/B_i_2 (cont/B_i_2)
     LUT2:I1->O            4   0.479   0.779  despl_i1 (despl_i)
     FDCE:CE                   0.524          reg/Q_i_0
    ----------------------------------------
    Total                      3.431ns (1.629ns logic, 1.802ns route)
                                       (47.5% logic, 52.5% route)

=========================================================================
Timing constraint: Default OFFSET IN BEFORE for Clock 'clk'
  Total number of paths / destination ports: 11 / 11
-------------------------------------------------------------------------
Offset:              3.699ns (Levels of Logic = 2)
  Source:            activa (PAD)
  Destination:       reg/Q_i_3 (FF)
  Destination Clock: clk rising

  Data Path: activa to reg/Q_i_3
                                Gate     Net
    Cell:in->out      fanout   Delay   Delay  Logical Name (Net Name)
    ----------------------------------------  ------------
     IBUF:I->O             7   0.715   1.201  activa_IBUF (activa_IBUF)
     LUT2:I0->O            4   0.479   0.779  despl_i1 (despl_i)
     FDCE:CE                   0.524          reg/Q_i_0
    ----------------------------------------
    Total                      3.699ns (1.718ns logic, 1.981ns route)
                                       (46.5% logic, 53.5% route)

=========================================================================
Timing constraint: Default OFFSET OUT AFTER for Clock 'clk'
  Total number of paths / destination ports: 4 / 4
-------------------------------------------------------------------------
Offset:              6.280ns (Levels of Logic = 1)
  Source:            reg/Q_i_3 (FF)
  Destination:       P<3> (PAD)
  Source Clock:      clk rising

  Data Path: reg/Q_i_3 to P<3>
                                Gate     Net
    Cell:in->out      fanout   Delay   Delay  Logical Name (Net Name)
    ----------------------------------------  ------------
     FDCE:C->Q             2   0.626   0.745  reg/Q_i_3 (reg/Q_i_3)
     OBUF:I->O                 4.909          P_3_OBUF (P<3>)
    ----------------------------------------
    Total                      6.280ns (5.535ns logic, 0.745ns route)
                                       (88.1% logic, 11.9% route)

=========================================================================


Total REAL time to Xst completion: 12.00 secs
Total CPU time to Xst completion: 12.25 secs
 
--> 

Total memory usage is 230448 kilobytes

Number of errors   :    0 (   0 filtered)
Number of warnings :    0 (   0 filtered)
Number of infos    :    0 (   0 filtered)

