Running: C:\Xilinx\14.7\ISE_DS\ISE\bin\nt64\unwrapped\fuse.exe -intstyle ise -incremental -o C:/Xilinx/Problema14/simreg_des_izq_isim_beh.exe -prj C:/Xilinx/Problema14/simreg_des_izq_beh.prj work.simreg_des_izq 
ISim P.20131013 (signature 0x7708f090)
Number of CPUs detected in this system: 4
Turning on mult-threading, number of parallel sub-compilation jobs: 8 
Determining compilation order of HDL files
Parsing VHDL file "C:/Xilinx/Problema14/reg_des_izq.vhd" into library work
Parsing VHDL file "C:/Xilinx/Problema14/simreg_des_izq.vhd" into library work
Starting static elaboration
Completed static elaboration
Compiling package standard
Compiling package std_logic_1164
Compiling package numeric_std
Compiling architecture behavioral of entity reg_des_izq [reg_des_izq_default]
Compiling architecture behavior of entity simreg_des_izq
Time Resolution for simulation is 1ps.
Waiting for 1 sub-compilation(s) to finish...
WARNING:Simulator - Unable to copy libPortabilityNOSH.dll to the simulation executable directory: boost::filesystem::copy_file: El sistema no puede encontrar la ruta especificada, "isim\simreg_des_izq_isim_beh.exe.sim\libPortability.dll".
Compiled 6 VHDL Units
Built simulation executable C:/Xilinx/Problema14/simreg_des_izq_isim_beh.exe
Fuse Memory Usage: 33572 KB
Fuse CPU Usage: 1234 ms
