Command line:
   simdivider_sin_isim_beh.exe
     -simmode  gui
     -simrunnum  0
     -socket  49436

Wed Nov 25 16:05:03 2015


 Elaboration Time: 0.109375 sec

 Current Memory Usage: 360.456 Meg

 Total Signals          : 89
 Total Nets             : 182
 Total Signal Drivers   : 36
 Total Blocks           : 12
 Total Primitive Blocks : 9
 Total Processes        : 30
 Total Traceable Variables  : 14
 Total Scalar Nets and Variables : 666
Total Line Count : 115

 Total Simulation Time: 0.203125 sec

 Current Memory Usage: 360.456 Meg

Wed Nov 25 16:05:18 2015

