
****** PlanAhead v14.7 (64-bit)
  **** Build 321239 by xbuild on Fri Sep 27 19:29:51 MDT 2013
    ** Copyright 1986-1999, 2001-2013 Xilinx, Inc. All Rights Reserved.

INFO: [Common 17-78] Attempting to get a license: PlanAhead
INFO: [Common 17-290] Got license for PlanAhead
INFO: [Device 21-36] Loading parts and site information from C:/Xilinx/14.7/ISE_DS/PlanAhead/data/parts/arch.xml
Parsing RTL primitives file [C:/Xilinx/14.7/ISE_DS/PlanAhead/data/parts/xilinx/rtl/prims/rtl_prims.xml]
Finished parsing RTL primitives file [C:/Xilinx/14.7/ISE_DS/PlanAhead/data/parts/xilinx/rtl/prims/rtl_prims.xml]
start_gui
source C:/Xilinx/Practica4/pa.fromNetlist.tcl
# create_project -name Practica4 -dir "C:/Xilinx/Practica4/planAhead_run_1" -part xc3s1000ft256-5
create_project: Time (s): elapsed = 00:00:07 . Memory (MB): peak = 418.797 ; gain = 62.605
# set_property design_mode GateLvl [get_property srcset [current_run -impl]]
# set_property edif_top_file "C:/Xilinx/Practica4/divider.ngc" [ get_property srcset [ current_run ] ]
# add_files -norecurse { {C:/Xilinx/Practica4} }
# set_property target_constrs_file "C:/Xilinx/Practica2/pines.ucf" [current_fileset -constrset]
Adding file 'C:/Xilinx/Practica2/pines.ucf' to fileset 'constrs_1'
# add_files [list {C:/Xilinx/Practica2/pines.ucf}] -fileset [get_property constrset [current_run]]
# link_design
Design is defaulting to srcset: sources_1
Design is defaulting to constrset: constrs_1
Design is defaulting to project part: xc3s1000ft256-5
Release 14.7 - ngc2edif P.20131013 (nt64)
Copyright (c) 1995-2013 Xilinx, Inc.  All rights reserved.
Reading design divider.ngc ...
WARNING:NetListWriters:298 - No output is written to divider.xncf, ignored.
Processing design ...
   Preping design's networks ...
   Preping design's macros ...
WARNING:NetListWriters:306 - Signal bus control_i<6 : 0> on block divider is not
   reconstructed, because there are some missing bus signals.
  finished :Prep
Writing EDIF netlist file divider.edif ...
ngc2edif: Total memory usage is 76416 kilobytes

Parsing EDIF File [./planAhead_run_1/Practica4.data/cache/divider_ngc_zx.edif]
INFO: [Common 17-41] Interrupt caught. Command should exit soon.
INFO: [Common 17-344] 'link_design' was cancelled
INFO: [Common 17-344] 'source' was cancelled
exit
ERROR: [Common 17-39] 'stop_gui' failed due to earlier errors.
INFO: [Common 17-206] Exiting PlanAhead at Tue Nov 24 16:13:38 2015...
INFO: [Common 17-83] Releasing license: PlanAhead
