Release 14.7 - xst P.20131013 (nt64)
Copyright (c) 1995-2013 Xilinx, Inc.  All rights reserved.
--> Parameter TMPDIR set to xst/projnav.tmp


Total REAL time to Xst completion: 0.00 secs
Total CPU time to Xst completion: 0.26 secs
 
--> Parameter xsthdpdir set to xst


Total REAL time to Xst completion: 0.00 secs
Total CPU time to Xst completion: 0.26 secs
 
--> Reading design: divider.prj

TABLE OF CONTENTS
  1) Synthesis Options Summary
  2) HDL Compilation
  3) Design Hierarchy Analysis
  4) HDL Analysis
  5) HDL Synthesis
     5.1) HDL Synthesis Report
  6) Advanced HDL Synthesis
     6.1) Advanced HDL Synthesis Report
  7) Low Level Synthesis
  8) Partition Report
  9) Final Report
	9.1) Device utilization summary
	9.2) Partition Resource Summary
	9.3) TIMING REPORT


=========================================================================
*                      Synthesis Options Summary                        *
=========================================================================
---- Source Parameters
Input File Name                    : "divider.prj"
Input Format                       : mixed
Ignore Synthesis Constraint File   : NO

---- Target Parameters
Output File Name                   : "divider"
Output Format                      : NGC
Target Device                      : xc3s1000-5-ft256

---- Source Options
Top Module Name                    : divider
Automatic FSM Extraction           : YES
FSM Encoding Algorithm             : Auto
Safe Implementation                : No
FSM Style                          : LUT
RAM Extraction                     : Yes
RAM Style                          : Auto
ROM Extraction                     : Yes
Mux Style                          : Auto
Decoder Extraction                 : YES
Priority Encoder Extraction        : Yes
Shift Register Extraction          : YES
Logical Shifter Extraction         : YES
XOR Collapsing                     : YES
ROM Style                          : Auto
Mux Extraction                     : Yes
Resource Sharing                   : YES
Asynchronous To Synchronous        : NO
Multiplier Style                   : Auto
Automatic Register Balancing       : No

---- Target Options
Add IO Buffers                     : YES
Global Maximum Fanout              : 500
Add Generic Clock Buffer(BUFG)     : 8
Register Duplication               : YES
Slice Packing                      : YES
Optimize Instantiated Primitives   : NO
Use Clock Enable                   : Yes
Use Synchronous Set                : Yes
Use Synchronous Reset              : Yes
Pack IO Registers into IOBs        : Auto
Equivalent register Removal        : YES

---- General Options
Optimization Goal                  : Speed
Optimization Effort                : 1
Keep Hierarchy                     : No
Netlist Hierarchy                  : As_Optimized
RTL Output                         : Yes
Global Optimization                : AllClockNets
Read Cores                         : YES
Write Timing Constraints           : NO
Cross Clock Analysis               : NO
Hierarchy Separator                : /
Bus Delimiter                      : <>
Case Specifier                     : Maintain
Slice Utilization Ratio            : 100
BRAM Utilization Ratio             : 100
Verilog 2001                       : YES
Auto BRAM Packing                  : NO
Slice Utilization Ratio Delta      : 5

=========================================================================


=========================================================================
*                          HDL Compilation                              *
=========================================================================
Compiling vhdl file "C:/Xilinx/Practica4definitiva/registro_N.vhd" in Library work.
Entity <registro_n> compiled.
Entity <registro_n> (Architecture <behavioral>) compiled.
Compiling vhdl file "C:/Xilinx/Practica4definitiva/registro_des_N.vhd" in Library work.
Entity <registro_des_n> compiled.
Entity <registro_des_n> (Architecture <behavioral>) compiled.
Compiling vhdl file "C:/Xilinx/Practica4definitiva/registro_coc_N.vhd" in Library work.
Entity <registro_coc_n> compiled.
Entity <registro_coc_n> (Architecture <behavioral>) compiled.
Compiling vhdl file "C:/Xilinx/Practica4definitiva/sumador_restador_N.vhd" in Library work.
Entity <sumador_restador_n> compiled.
Entity <sumador_restador_n> (Architecture <behavioral>) compiled.
Compiling vhdl file "C:/Xilinx/Practica4definitiva/controller.vhd" in Library work.
Architecture behavioral of Entity controller is up to date.
Compiling vhdl file "C:/Xilinx/Practica4definitiva/data_path_N.vhd" in Library work.
Entity <data_path_n> compiled.
Entity <data_path_n> (Architecture <estructural>) compiled.
Compiling vhdl file "C:/Xilinx/Practica4definitiva/divider.vhd" in Library work.
Entity <divider> compiled.
Entity <divider> (Architecture <estructural>) compiled.

=========================================================================
*                     Design Hierarchy Analysis                         *
=========================================================================
Analyzing hierarchy for entity <divider> in library <work> (architecture <estructural>) with generics.
	m = 3
	n = 6

Analyzing hierarchy for entity <controller> in library <work> (architecture <behavioral>).

Analyzing hierarchy for entity <data_path_N> in library <work> (architecture <estructural>) with generics.
	m = 3
	n = 6

Analyzing hierarchy for entity <registro_N> in library <work> (architecture <behavioral>) with generics.
	n = 6

Analyzing hierarchy for entity <registro_des_N> in library <work> (architecture <behavioral>) with generics.
	n = 6

Analyzing hierarchy for entity <registro_coc_N> in library <work> (architecture <behavioral>) with generics.
	n = 6

Analyzing hierarchy for entity <sumador_restador_N> in library <work> (architecture <behavioral>) with generics.
	n = 6


=========================================================================
*                            HDL Analysis                               *
=========================================================================
Analyzing generic Entity <divider> in library <work> (Architecture <estructural>).
	m = 3
	n = 6
Entity <divider> analyzed. Unit <divider> generated.

Analyzing Entity <controller> in library <work> (Architecture <behavioral>).
Entity <controller> analyzed. Unit <controller> generated.

Analyzing generic Entity <data_path_N> in library <work> (Architecture <estructural>).
	m = 3
	n = 6
WARNING:Xst:1610 - "C:/Xilinx/Practica4definitiva/data_path_N.vhd" line 91: Width mismatch. <sum_in> has a width of 7 bits but assigned expression is 9-bit wide.
WARNING:Xst:1610 - "C:/Xilinx/Practica4definitiva/data_path_N.vhd" line 103: Width mismatch. <n_i> has a width of 7 bits but assigned expression is 6-bit wide.
WARNING:Xst:1610 - "C:/Xilinx/Practica4definitiva/data_path_N.vhd" line 104: Width mismatch. <m_i> has a width of 7 bits but assigned expression is 3-bit wide.
WARNING:Xst:1610 - "C:/Xilinx/Practica4definitiva/data_path_N.vhd" line 105: Width mismatch. <n_m_i> has a width of 7 bits but assigned expression is 6-bit wide.
Entity <data_path_N> analyzed. Unit <data_path_N> generated.

Analyzing generic Entity <registro_N> in library <work> (Architecture <behavioral>).
	n = 6
Entity <registro_N> analyzed. Unit <registro_N> generated.

Analyzing generic Entity <registro_des_N> in library <work> (Architecture <behavioral>).
	n = 6
WARNING:Xst:1610 - "C:/Xilinx/Practica4definitiva/registro_des_N.vhd" line 53: Width mismatch. <Q_i> has a width of 7 bits but assigned expression is 8-bit wide.
Entity <registro_des_N> analyzed. Unit <registro_des_N> generated.

Analyzing generic Entity <registro_coc_N> in library <work> (Architecture <behavioral>).
	n = 6
Entity <registro_coc_N> analyzed. Unit <registro_coc_N> generated.

Analyzing generic Entity <sumador_restador_N> in library <work> (Architecture <behavioral>).
	n = 6
Entity <sumador_restador_N> analyzed. Unit <sumador_restador_N> generated.


=========================================================================
*                           HDL Synthesis                               *
=========================================================================

Performing bidirectional port resolution...

Synthesizing Unit <controller>.
    Related source file is "C:/Xilinx/Practica4definitiva/controller.vhd".
    Found finite state machine <FSM_0> for signal <STATE>.
    -----------------------------------------------------------------------
    | States             | 8                                              |
    | Transitions        | 11                                             |
    | Inputs             | 3                                              |
    | Outputs            | 13                                             |
    | Clock              | clk                       (rising_edge)        |
    | Reset              | reset                     (positive)           |
    | Reset type         | asynchronous                                   |
    | Reset State        | s0                                             |
    | Power Up State     | s0                                             |
    | Encoding           | automatic                                      |
    | Implementation     | LUT                                            |
    -----------------------------------------------------------------------
    Summary:
	inferred   1 Finite State Machine(s).
Unit <controller> synthesized.


Synthesizing Unit <registro_N>.
    Related source file is "C:/Xilinx/Practica4definitiva/registro_N.vhd".
    Found 7-bit register for signal <Q>.
    Summary:
	inferred   7 D-type flip-flop(s).
Unit <registro_N> synthesized.


Synthesizing Unit <registro_des_N>.
    Related source file is "C:/Xilinx/Practica4definitiva/registro_des_N.vhd".
    Found 7-bit register for signal <Q_i>.
    Summary:
	inferred   7 D-type flip-flop(s).
Unit <registro_des_N> synthesized.


Synthesizing Unit <registro_coc_N>.
    Related source file is "C:/Xilinx/Practica4definitiva/registro_coc_N.vhd".
    Found 7-bit register for signal <Q_i>.
    Summary:
	inferred   7 D-type flip-flop(s).
Unit <registro_coc_N> synthesized.


Synthesizing Unit <sumador_restador_N>.
    Related source file is "C:/Xilinx/Practica4definitiva/sumador_restador_N.vhd".
    Found 7-bit addsub for signal <C>.
    Summary:
	inferred   1 Adder/Subtractor(s).
Unit <sumador_restador_N> synthesized.


Synthesizing Unit <data_path_N>.
    Related source file is "C:/Xilinx/Practica4definitiva/data_path_N.vhd".
WARNING:Xst:646 - Signal <reg_cociente<6>> is assigned but never used. This unconnected signal will be trimmed during the optimization process.
    Found 7-bit comparator less for signal <comp$cmp_lt0000> created at line 106.
    Summary:
	inferred   1 Comparator(s).
Unit <data_path_N> synthesized.


Synthesizing Unit <divider>.
    Related source file is "C:/Xilinx/Practica4definitiva/divider.vhd".
Unit <divider> synthesized.

INFO:Xst:1767 - HDL ADVISOR - Resource sharing has identified that some arithmetic operations in this design can share the same physical resources for reduced device utilization. For improved clock frequency you may try to disable resource sharing.

=========================================================================
HDL Synthesis Report

Macro Statistics
# Adders/Subtractors                                   : 2
 7-bit addsub                                          : 2
# Registers                                            : 4
 7-bit register                                        : 4
# Comparators                                          : 1
 7-bit comparator less                                 : 1

=========================================================================

=========================================================================
*                       Advanced HDL Synthesis                          *
=========================================================================

Analyzing FSM <FSM_0> for best encoding.
Optimizing FSM <controlador/STATE/FSM> on signal <STATE[1:8]> with one-hot encoding.
-------------------
 State | Encoding
-------------------
 s0    | 00000001
 s1    | 00000010
 s2    | 00000100
 s3    | 00001000
 s4    | 00010000
 s5    | 00100000
 s6    | 01000000
 s7    | 10000000
-------------------
WARNING:Xst:1710 - FF/Latch <Q_i_0> (without init value) has a constant value of 0 in block <reg_div>. This FF/Latch will be trimmed during the optimization process.
WARNING:Xst:1710 - FF/Latch <Q_i_1> (without init value) has a constant value of 0 in block <reg_div>. This FF/Latch will be trimmed during the optimization process.
WARNING:Xst:1710 - FF/Latch <Q_i_2> (without init value) has a constant value of 0 in block <reg_div>. This FF/Latch will be trimmed during the optimization process.
WARNING:Xst:1710 - FF/Latch <Q_i_6> (without init value) has a constant value of 0 in block <reg_div>. This FF/Latch will be trimmed during the optimization process.
WARNING:Xst:2677 - Node <Q_i_6> of sequential type is unconnected in block <reg_coci>.

=========================================================================
Advanced HDL Synthesis Report

Macro Statistics
# FSMs                                                 : 1
# Adders/Subtractors                                   : 2
 7-bit addsub                                          : 2
# Registers                                            : 28
 Flip-Flops                                            : 28
# Comparators                                          : 1
 7-bit comparator less                                 : 1

=========================================================================

=========================================================================
*                         Low Level Synthesis                           *
=========================================================================
INFO:Xst:2261 - The FF/Latch <Q_i_0> in Unit <registro_des_N> is equivalent to the following 3 FFs/Latches, which will be removed : <Q_i_1> <Q_i_2> <Q_i_6> 
WARNING:Xst:1710 - FF/Latch <Q_i_0> (without init value) has a constant value of 0 in block <registro_des_N>. This FF/Latch will be trimmed during the optimization process.

Optimizing unit <divider> ...

Optimizing unit <registro_coc_N> ...

Optimizing unit <data_path_N> ...
WARNING:Xst:2677 - Node <ruta_datos/reg_coci/Q_i_6> of sequential type is unconnected in block <divider>.

Mapping all equations...
Building and optimizing final netlist ...
Found area constraint ratio of 100 (+ 5) on block divider, actual ratio is 0.

Final Macro Processing ...

=========================================================================
Final Register Report

Macro Statistics
# Registers                                            : 31
 Flip-Flops                                            : 31

=========================================================================

=========================================================================
*                           Partition Report                            *
=========================================================================

Partition Implementation Status
-------------------------------

  No Partitions were found in this design.

-------------------------------

=========================================================================
*                            Final Report                               *
=========================================================================
Final Results
RTL Top Level Output File Name     : divider.ngr
Top Level Output File Name         : divider
Output Format                      : NGC
Optimization Goal                  : Speed
Keep Hierarchy                     : No

Design Statistics
# IOs                              : 19

Cell Usage :
# BELS                             : 69
#      GND                         : 1
#      LUT2                        : 5
#      LUT2_L                      : 1
#      LUT3                        : 20
#      LUT3_D                      : 1
#      LUT3_L                      : 1
#      LUT4                        : 21
#      LUT4_D                      : 1
#      LUT4_L                      : 2
#      MUXCY                       : 6
#      MUXF5                       : 3
#      XORCY                       : 7
# FlipFlops/Latches                : 31
#      FDC                         : 7
#      FDCE                        : 23
#      FDP                         : 1
# Clock Buffers                    : 1
#      BUFGP                       : 1
# IO Buffers                       : 18
#      IBUF                        : 11
#      OBUF                        : 7
=========================================================================

Device utilization summary:
---------------------------

Selected Device : 3s1000ft256-5 

 Number of Slices:                       29  out of   7680     0%  
 Number of Slice Flip Flops:             31  out of  15360     0%  
 Number of 4 input LUTs:                 52  out of  15360     0%  
 Number of IOs:                          19
 Number of bonded IOBs:                  19  out of    173    10%  
 Number of GCLKs:                         1  out of      8    12%  

---------------------------
Partition Resource Summary:
---------------------------

  No Partitions were found in this design.

---------------------------


=========================================================================
TIMING REPORT

NOTE: THESE TIMING NUMBERS ARE ONLY A SYNTHESIS ESTIMATE.
      FOR ACCURATE TIMING INFORMATION PLEASE REFER TO THE TRACE REPORT
      GENERATED AFTER PLACE-and-ROUTE.

Clock Information:
------------------
-----------------------------------+------------------------+-------+
Clock Signal                       | Clock buffer(FF name)  | Load  |
-----------------------------------+------------------------+-------+
clk                                | BUFGP                  | 31    |
-----------------------------------+------------------------+-------+

Asynchronous Control Signals Information:
----------------------------------------
-----------------------------------+------------------------+-------+
Control Signal                     | Buffer(FF name)        | Load  |
-----------------------------------+------------------------+-------+
reset                              | IBUF                   | 31    |
-----------------------------------+------------------------+-------+

Timing Summary:
---------------
Speed Grade: -5

   Minimum period: 8.308ns (Maximum Frequency: 120.364MHz)
   Minimum input arrival time before clock: 3.816ns
   Maximum output required time after clock: 6.318ns
   Maximum combinational path delay: No path found

Timing Detail:
--------------
All values displayed in nanoseconds (ns)

=========================================================================
Timing constraint: Default period analysis for Clock 'clk'
  Clock period: 8.308ns (frequency: 120.364MHz)
  Total number of paths / destination ports: 432 / 51
-------------------------------------------------------------------------
Delay:               8.308ns (Levels of Logic = 6)
  Source:            controlador/STATE_FSM_FFd6 (FF)
  Destination:       controlador/STATE_FSM_FFd8 (FF)
  Source Clock:      clk rising
  Destination Clock: clk rising

  Data Path: controlador/STATE_FSM_FFd6 to controlador/STATE_FSM_FFd8
                                Gate     Net
    Cell:in->out      fanout   Delay   Delay  Logical Name (Net Name)
    ----------------------------------------  ------------
     FDC:C->Q             25   0.626   1.600  controlador/STATE_FSM_FFd6 (controlador/STATE_FSM_FFd6)
     LUT3_D:I2->O         11   0.479   0.995  controlador/STATE_FSM_Out91 (control_i<4>)
     LUT4:I3->O            3   0.479   0.794  ruta_datos/comp1_SW0_SW0 (ruta_datos/k_o<3>)
     LUT4:I3->O            1   0.479   0.704  ruta_datos/comp1_SW0 (N01)
     LUT4:I3->O            1   0.479   0.000  ruta_datos/comp1_SW2_F (N45)
     MUXF5:I0->O           1   0.314   0.704  ruta_datos/comp1_SW2 (N13)
     LUT4:I3->O            1   0.479   0.000  controlador/STATE_FSM_FFd8-In1 (controlador/STATE_FSM_FFd8-In)
     FDP:D                     0.176          controlador/STATE_FSM_FFd8
    ----------------------------------------
    Total                      8.308ns (3.511ns logic, 4.797ns route)
                                       (42.3% logic, 57.7% route)

=========================================================================
Timing constraint: Default OFFSET IN BEFORE for Clock 'clk'
  Total number of paths / destination ports: 13 / 11
-------------------------------------------------------------------------
Offset:              3.816ns (Levels of Logic = 4)
  Source:            start (PAD)
  Destination:       controlador/STATE_FSM_FFd8 (FF)
  Destination Clock: clk rising

  Data Path: start to controlador/STATE_FSM_FFd8
                                Gate     Net
    Cell:in->out      fanout   Delay   Delay  Logical Name (Net Name)
    ----------------------------------------  ------------
     IBUF:I->O             4   0.715   0.949  start_IBUF (start_IBUF)
     LUT4:I1->O            1   0.479   0.000  ruta_datos/comp1_SW2_F (N45)
     MUXF5:I0->O           1   0.314   0.704  ruta_datos/comp1_SW2 (N13)
     LUT4:I3->O            1   0.479   0.000  controlador/STATE_FSM_FFd8-In1 (controlador/STATE_FSM_FFd8-In)
     FDP:D                     0.176          controlador/STATE_FSM_FFd8
    ----------------------------------------
    Total                      3.816ns (2.163ns logic, 1.653ns route)
                                       (56.7% logic, 43.3% route)

=========================================================================
Timing constraint: Default OFFSET OUT AFTER for Clock 'clk'
  Total number of paths / destination ports: 7 / 7
-------------------------------------------------------------------------
Offset:              6.318ns (Levels of Logic = 1)
  Source:            controlador/STATE_FSM_FFd8 (FF)
  Destination:       ready (PAD)
  Source Clock:      clk rising

  Data Path: controlador/STATE_FSM_FFd8 to ready
                                Gate     Net
    Cell:in->out      fanout   Delay   Delay  Logical Name (Net Name)
    ----------------------------------------  ------------
     FDP:C->Q              5   0.626   0.783  controlador/STATE_FSM_FFd8 (controlador/STATE_FSM_FFd8)
     OBUF:I->O                 4.909          ready_OBUF (ready)
    ----------------------------------------
    Total                      6.318ns (5.535ns logic, 0.783ns route)
                                       (87.6% logic, 12.4% route)

=========================================================================


Total REAL time to Xst completion: 13.00 secs
Total CPU time to Xst completion: 13.10 secs
 
--> 

Total memory usage is 249564 kilobytes

Number of errors   :    0 (   0 filtered)
Number of warnings :   13 (   0 filtered)
Number of infos    :    2 (   0 filtered)

