Command line:
   simconv_serie_paralelo_isim_beh.exe
     -simmode  gui
     -simrunnum  0
     -socket  49278

Thu Dec 24 10:18:57 2015


 Elaboration Time: 0.09375 sec

 Current Memory Usage: 357.495 Meg

 Total Signals          : 27
 Total Nets             : 25
 Total Signal Drivers   : 12
 Total Blocks           : 6
 Total Primitive Blocks : 4
 Total Processes        : 8
 Total Traceable Variables  : 14
 Total Scalar Nets and Variables : 509
Total Line Count : 58
Total Line Count : 58

 Total Simulation Time: 0.421875 sec

 Current Memory Usage: 357.495 Meg

Thu Dec 24 10:21:50 2015

