Command line:
   simtuneldelavado_isim_beh.exe
     -simmode  gui
     -simrunnum  0
     -socket  49607

Sat Dec 19 14:17:48 2015


 Elaboration Time: 0.09375 sec

 Current Memory Usage: 360.395 Meg

 Total Signals          : 20
 Total Nets             : 11
 Total Signal Drivers   : 11
 Total Blocks           : 3
 Total Primitive Blocks : 2
 Total Processes        : 4
 Total Traceable Variables  : 9
 Total Scalar Nets and Variables : 372
Total Line Count : 93
Total Line Count : 93

 Total Simulation Time: 0.34375 sec

 Current Memory Usage: 674.984 Meg

Sat Dec 19 14:19:05 2015

