Command line:
   simcontroller_isim_beh.exe
     -simmode  gui
     -simrunnum  0
     -socket  49432

Wed Nov 25 16:01:16 2015


 Elaboration Time: 0.09375 sec

 Current Memory Usage: 360.456 Meg

 Total Signals          : 17
 Total Nets             : 24
 Total Signal Drivers   : 10
 Total Blocks           : 4
 Total Primitive Blocks : 3
 Total Processes        : 5
 Total Traceable Variables  : 14
 Total Scalar Nets and Variables : 508
Total Line Count : 70

 Total Simulation Time: 0.171875 sec

 Current Memory Usage: 360.456 Meg

Wed Nov 25 16:01:30 2015

