Command line:
   simregistro_coc_isim_beh.exe
     -simmode  gui
     -simrunnum  0
     -socket  49426

Wed Nov 25 15:53:53 2015


 Elaboration Time: 0.09375 sec

 Current Memory Usage: 360.501 Meg

 Total Signals          : 15
 Total Nets             : 26
 Total Signal Drivers   : 8
 Total Blocks           : 4
 Total Primitive Blocks : 3
 Total Processes        : 4
 Total Traceable Variables  : 14
 Total Scalar Nets and Variables : 510
Total Line Count : 30

 Total Simulation Time: 0.234375 sec

 Current Memory Usage: 675.09 Meg

Wed Nov 25 15:54:45 2015

