Command line:
   simmultiplexor4a1_isim_beh.exe
     -simmode  gui
     -simrunnum  0
     -socket  49356

Sat Dec 19 11:56:29 2015


 Elaboration Time: 0.109375 sec

 Current Memory Usage: 360.395 Meg

 Total Signals          : 6
 Total Nets             : 7
 Total Signal Drivers   : 3
 Total Blocks           : 3
 Total Primitive Blocks : 2
 Total Processes        : 2
 Total Traceable Variables  : 8
 Total Scalar Nets and Variables : 367
Total Line Count : 16

 Total Simulation Time: 0.125 sec

 Current Memory Usage: 360.395 Meg

Sat Dec 19 11:56:57 2015

