Command line:
   simreg_des_izq_isim_beh.exe
     -simmode  gui
     -simrunnum  0
     -socket  49398

Thu Dec 24 17:01:15 2015


 Elaboration Time: 0.09375 sec

 Current Memory Usage: 357.495 Meg

 Total Signals          : 14
 Total Nets             : 38
 Total Signal Drivers   : 8
 Total Blocks           : 4
 Total Primitive Blocks : 3
 Total Processes        : 4
 Total Traceable Variables  : 14
 Total Scalar Nets and Variables : 522
Total Line Count : 48

 Total Simulation Time: 0.265625 sec

 Current Memory Usage: 672.084 Meg

Thu Dec 24 17:01:58 2015

