Command line:
   simmuneca_isim_beh.exe
     -simmode  gui
     -simrunnum  0
     -socket  49558

Mon Dec 21 12:15:00 2015


 Elaboration Time: 0.09375 sec

 Current Memory Usage: 357.388 Meg

 Total Signals          : 14
 Total Nets             : 8
 Total Signal Drivers   : 8
 Total Blocks           : 3
 Total Primitive Blocks : 2
 Total Processes        : 4
 Total Traceable Variables  : 9
 Total Scalar Nets and Variables : 369
Total Line Count : 73
Total Line Count : 73

 Total Simulation Time: 0.28125 sec

 Current Memory Usage: 357.388 Meg

Mon Dec 21 12:18:13 2015

