Running: C:\Xilinx\14.7\ISE_DS\ISE\bin\nt64\unwrapped\fuse.exe -intstyle ise -incremental -o C:/Xilinx/Problema13/simparidad_isim_beh.exe -prj C:/Xilinx/Problema13/simparidad_beh.prj work.simparidad 
ISim P.20131013 (signature 0x7708f090)
Number of CPUs detected in this system: 4
Turning on mult-threading, number of parallel sub-compilation jobs: 8 
Determining compilation order of HDL files
Parsing VHDL file "C:/Xilinx/Problema13/Paridad.vhd" into library work
Parsing VHDL file "C:/Xilinx/Problema13/simparidad.vhd" into library work
Starting static elaboration
Completed static elaboration
Compiling package standard
Compiling package std_logic_1164
Compiling architecture behavioral of entity Paridad [paridad_default]
Compiling architecture behavior of entity simparidad
Time Resolution for simulation is 1ps.
Waiting for 1 sub-compilation(s) to finish...
WARNING:Simulator - Unable to copy libPortabilityNOSH.dll to the simulation executable directory: boost::filesystem::copy_file: El sistema no puede encontrar la ruta especificada, "isim\simparidad_isim_beh.exe.sim\libPortability.dll".
Compiled 5 VHDL Units
Built simulation executable C:/Xilinx/Problema13/simparidad_isim_beh.exe
Fuse Memory Usage: 27860 KB
Fuse CPU Usage: 1077 ms
