Command line:
   simdivider_isim_beh.exe
     -simmode  gui
     -simrunnum  0
     -socket  49193

Tue Nov 24 22:29:27 2015


 Elaboration Time: 0.109375 sec

 Current Memory Usage: 360.534 Meg

 Total Signals          : 89
 Total Nets             : 182
 Total Signal Drivers   : 36
 Total Blocks           : 12
 Total Primitive Blocks : 9
 Total Processes        : 30
 Total Traceable Variables  : 14
 Total Scalar Nets and Variables : 666
Total Line Count : 115

 Total Simulation Time: 0.140625 sec

 Current Memory Usage: 360.534 Meg

Tue Nov 24 22:29:46 2015

