Command line:
   simreconocedor_isim_beh.exe
     -simmode  gui
     -simrunnum  0
     -socket  49425

Thu Dec 24 17:28:22 2015


 Elaboration Time: 0.078125 sec

 Current Memory Usage: 357.413 Meg

 Total Signals          : 10
 Total Nets             : 6
 Total Signal Drivers   : 6
 Total Blocks           : 3
 Total Primitive Blocks : 2
 Total Processes        : 4
 Total Traceable Variables  : 9
 Total Scalar Nets and Variables : 367
Total Line Count : 48
Total Line Count : 48

 Total Simulation Time: 0.34375 sec

 Current Memory Usage: 514.707 Meg

Thu Dec 24 17:30:16 2015

