Release 14.1 - xst P.15xf (nt64)
Copyright (c) 1995-2012 Xilinx, Inc.  All rights reserved.
--> Parameter TMPDIR set to xst/projnav.tmp


Total REAL time to Xst completion: 0.00 secs
Total CPU time to Xst completion: 0.06 secs
 
--> Parameter xsthdpdir set to xst


Total REAL time to Xst completion: 0.00 secs
Total CPU time to Xst completion: 0.06 secs
 
--> Reading design: controller.prj

TABLE OF CONTENTS
  1) Synthesis Options Summary
  2) HDL Compilation
  3) Design Hierarchy Analysis
  4) HDL Analysis
  5) HDL Synthesis
     5.1) HDL Synthesis Report
  6) Advanced HDL Synthesis
     6.1) Advanced HDL Synthesis Report
  7) Low Level Synthesis
  8) Partition Report
  9) Final Report
	9.1) Device utilization summary
	9.2) Partition Resource Summary
	9.3) TIMING REPORT


=========================================================================
*                      Synthesis Options Summary                        *
=========================================================================
---- Source Parameters
Input File Name                    : "controller.prj"
Input Format                       : mixed
Ignore Synthesis Constraint File   : NO

---- Target Parameters
Output File Name                   : "controller"
Output Format                      : NGC
Target Device                      : xc3s1000-5-ft256

---- Source Options
Top Module Name                    : controller
Automatic FSM Extraction           : YES
FSM Encoding Algorithm             : Auto
Safe Implementation                : No
FSM Style                          : LUT
RAM Extraction                     : Yes
RAM Style                          : Auto
ROM Extraction                     : Yes
Mux Style                          : Auto
Decoder Extraction                 : YES
Priority Encoder Extraction        : Yes
Shift Register Extraction          : YES
Logical Shifter Extraction         : YES
XOR Collapsing                     : YES
ROM Style                          : Auto
Mux Extraction                     : Yes
Resource Sharing                   : YES
Asynchronous To Synchronous        : NO
Multiplier Style                   : Auto
Automatic Register Balancing       : No

---- Target Options
Add IO Buffers                     : YES
Global Maximum Fanout              : 100000
Add Generic Clock Buffer(BUFG)     : 8
Register Duplication               : YES
Slice Packing                      : YES
Optimize Instantiated Primitives   : NO
Use Clock Enable                   : Yes
Use Synchronous Set                : Yes
Use Synchronous Reset              : Yes
Pack IO Registers into IOBs        : Auto
Equivalent register Removal        : YES

---- General Options
Optimization Goal                  : Speed
Optimization Effort                : 1
Keep Hierarchy                     : No
Netlist Hierarchy                  : As_Optimized
RTL Output                         : Yes
Global Optimization                : AllClockNets
Read Cores                         : YES
Write Timing Constraints           : NO
Cross Clock Analysis               : NO
Hierarchy Separator                : /
Bus Delimiter                      : <>
Case Specifier                     : Maintain
Slice Utilization Ratio            : 100
BRAM Utilization Ratio             : 100
Verilog 2001                       : YES
Auto BRAM Packing                  : NO
Slice Utilization Ratio Delta      : 5

=========================================================================


=========================================================================
*                          HDL Compilation                              *
=========================================================================
Compiling vhdl file "C:/Users/usuario_local/Xilinx/Practica5/registro_1bit.vhd" in Library work.
Architecture behavioral of Entity registro_1bit is up to date.
Compiling vhdl file "C:/Users/usuario_local/Xilinx/Practica5/controller.vhd" in Library work.
Entity <controller> compiled.
Entity <controller> (Architecture <behavioral>) compiled.

=========================================================================
*                     Design Hierarchy Analysis                         *
=========================================================================
Analyzing hierarchy for entity <controller> in library <work> (architecture <behavioral>).

Analyzing hierarchy for entity <registro_1bit> in library <work> (architecture <behavioral>).


=========================================================================
*                            HDL Analysis                               *
=========================================================================
Analyzing Entity <controller> in library <work> (Architecture <behavioral>).
Entity <controller> analyzed. Unit <controller> generated.

Analyzing Entity <registro_1bit> in library <work> (Architecture <behavioral>).
Entity <registro_1bit> analyzed. Unit <registro_1bit> generated.


=========================================================================
*                           HDL Synthesis                               *
=========================================================================

Performing bidirectional port resolution...

Synthesizing Unit <registro_1bit>.
    Related source file is "C:/Users/usuario_local/Xilinx/Practica5/registro_1bit.vhd".
    Found 1-bit register for signal <Q>.
    Summary:
	inferred   1 D-type flip-flop(s).
Unit <registro_1bit> synthesized.


Synthesizing Unit <controller>.
    Related source file is "C:/Users/usuario_local/Xilinx/Practica5/controller.vhd".
    Found finite state machine <FSM_0> for signal <STATE>.
    -----------------------------------------------------------------------
    | States             | 9                                              |
    | Transitions        | 15                                             |
    | Inputs             | 5                                              |
    | Outputs            | 10                                             |
    | Clock              | clk                       (rising_edge)        |
    | Reset              | reset                     (positive)           |
    | Reset type         | asynchronous                                   |
    | Reset State        | s0                                             |
    | Power Up State     | s0                                             |
    | Encoding           | automatic                                      |
    | Implementation     | LUT                                            |
    -----------------------------------------------------------------------
    Summary:
	inferred   1 Finite State Machine(s).
Unit <controller> synthesized.


=========================================================================
HDL Synthesis Report

Macro Statistics
# Registers                                            : 2
 1-bit register                                        : 2

=========================================================================

=========================================================================
*                       Advanced HDL Synthesis                          *
=========================================================================

Analyzing FSM <FSM_0> for best encoding.
Optimizing FSM <STATE/FSM> on signal <STATE[1:9]> with one-hot encoding.
--------------------
 State | Encoding
--------------------
 s0    | 000000001
 s0_2  | 000000010
 s1    | 000000100
 s2    | 000001000
 s3    | 000010000
 s4    | 000100000
 s5    | 010000000
 s6    | 100000000
 s7    | 001000000
--------------------

=========================================================================
Advanced HDL Synthesis Report

Macro Statistics
# FSMs                                                 : 1
# Registers                                            : 2
 Flip-Flops                                            : 2

=========================================================================

=========================================================================
*                         Low Level Synthesis                           *
=========================================================================

Optimizing unit <controller> ...

Mapping all equations...
Building and optimizing final netlist ...
Found area constraint ratio of 100 (+ 5) on block controller, actual ratio is 0.

Final Macro Processing ...

=========================================================================
Final Register Report

Macro Statistics
# Registers                                            : 11
 Flip-Flops                                            : 11

=========================================================================

=========================================================================
*                           Partition Report                            *
=========================================================================

Partition Implementation Status
-------------------------------

  No Partitions were found in this design.

-------------------------------

=========================================================================
*                            Final Report                               *
=========================================================================
Final Results
RTL Top Level Output File Name     : controller.ngr
Top Level Output File Name         : controller
Output Format                      : NGC
Optimization Goal                  : Speed
Keep Hierarchy                     : No

Design Statistics
# IOs                              : 17

Cell Usage :
# BELS                             : 15
#      LUT2                        : 6
#      LUT2_L                      : 1
#      LUT3                        : 2
#      LUT4                        : 4
#      LUT4_L                      : 2
# FlipFlops/Latches                : 11
#      FDC                         : 8
#      FDCE                        : 2
#      FDP                         : 1
# Clock Buffers                    : 1
#      BUFGP                       : 1
# IO Buffers                       : 16
#      IBUF                        : 7
#      OBUF                        : 9
=========================================================================

Device utilization summary:
---------------------------

Selected Device : 3s1000ft256-5 

 Number of Slices:                        8  out of   7680     0%  
 Number of Slice Flip Flops:             11  out of  15360     0%  
 Number of 4 input LUTs:                 15  out of  15360     0%  
 Number of IOs:                          17
 Number of bonded IOBs:                  17  out of    173     9%  
 Number of GCLKs:                         1  out of      8    12%  

---------------------------
Partition Resource Summary:
---------------------------

  No Partitions were found in this design.

---------------------------


=========================================================================
TIMING REPORT

NOTE: THESE TIMING NUMBERS ARE ONLY A SYNTHESIS ESTIMATE.
      FOR ACCURATE TIMING INFORMATION PLEASE REFER TO THE TRACE REPORT
      GENERATED AFTER PLACE-and-ROUTE.

Clock Information:
------------------
-----------------------------------+------------------------+-------+
Clock Signal                       | Clock buffer(FF name)  | Load  |
-----------------------------------+------------------------+-------+
clk                                | BUFGP                  | 11    |
-----------------------------------+------------------------+-------+

Asynchronous Control Signals Information:
----------------------------------------
-----------------------------------+------------------------+-------+
Control Signal                     | Buffer(FF name)        | Load  |
-----------------------------------+------------------------+-------+
reset                              | IBUF                   | 9     |
STATE_FSM_FFd2(STATE_FSM_FFd2:Q)   | NONE(reg_carta_inc/Q)  | 1     |
STATE_FSM_FFd7(STATE_FSM_FFd7:Q)   | NONE(reg_loser/Q)      | 1     |
-----------------------------------+------------------------+-------+

Timing Summary:
---------------
Speed Grade: -5

   Minimum period: 3.349ns (Maximum Frequency: 298.561MHz)
   Minimum input arrival time before clock: 3.563ns
   Maximum output required time after clock: 8.917ns
   Maximum combinational path delay: 9.131ns

Timing Detail:
--------------
All values displayed in nanoseconds (ns)

=========================================================================
Timing constraint: Default period analysis for Clock 'clk'
  Clock period: 3.349ns (frequency: 298.561MHz)
  Total number of paths / destination ports: 19 / 13
-------------------------------------------------------------------------
Delay:               3.349ns (Levels of Logic = 1)
  Source:            STATE_FSM_FFd1 (FF)
  Destination:       reg_loser/Q (FF)
  Source Clock:      clk rising
  Destination Clock: clk rising

  Data Path: STATE_FSM_FFd1 to reg_loser/Q
                                Gate     Net
    Cell:in->out      fanout   Delay   Delay  Logical Name (Net Name)
    ----------------------------------------  ------------
     FDC:C->Q              4   0.626   0.949  STATE_FSM_FFd1 (STATE_FSM_FFd1)
     LUT2:I1->O            3   0.479   0.771  perder1 (perder)
     FDCE:CE                   0.524          reg_loser/Q
    ----------------------------------------
    Total                      3.349ns (1.629ns logic, 1.720ns route)
                                       (48.6% logic, 51.4% route)

=========================================================================
Timing constraint: Default OFFSET IN BEFORE for Clock 'clk'
  Total number of paths / destination ports: 16 / 10
-------------------------------------------------------------------------
Offset:              3.563ns (Levels of Logic = 2)
  Source:            punti (PAD)
  Destination:       reg_loser/Q (FF)
  Destination Clock: clk rising

  Data Path: punti to reg_loser/Q
                                Gate     Net
    Cell:in->out      fanout   Delay   Delay  Logical Name (Net Name)
    ----------------------------------------  ------------
     IBUF:I->O             4   0.715   1.074  punti_IBUF (punti_IBUF)
     LUT2:I0->O            3   0.479   0.771  perder1 (perder)
     FDCE:CE                   0.524          reg_loser/Q
    ----------------------------------------
    Total                      3.563ns (1.718ns logic, 1.845ns route)
                                       (48.2% logic, 51.8% route)

=========================================================================
Timing constraint: Default OFFSET OUT AFTER for Clock 'clk'
  Total number of paths / destination ports: 12 / 9
-------------------------------------------------------------------------
Offset:              8.917ns (Levels of Logic = 3)
  Source:            STATE_FSM_FFd1 (FF)
  Destination:       control<2> (PAD)
  Source Clock:      clk rising

  Data Path: STATE_FSM_FFd1 to control<2>
                                Gate     Net
    Cell:in->out      fanout   Delay   Delay  Logical Name (Net Name)
    ----------------------------------------  ------------
     FDC:C->Q              4   0.626   0.949  STATE_FSM_FFd1 (STATE_FSM_FFd1)
     LUT2:I1->O            3   0.479   0.794  perder1 (perder)
     LUT4:I3->O            1   0.479   0.681  control_aux_2_mux00011 (control_2_OBUF)
     OBUF:I->O                 4.909          control_2_OBUF (control<2>)
    ----------------------------------------
    Total                      8.917ns (6.493ns logic, 2.424ns route)
                                       (72.8% logic, 27.2% route)

=========================================================================
Timing constraint: Default path analysis
  Total number of paths / destination ports: 7 / 2
-------------------------------------------------------------------------
Delay:               9.131ns (Levels of Logic = 4)
  Source:            punti (PAD)
  Destination:       control<2> (PAD)

  Data Path: punti to control<2>
                                Gate     Net
    Cell:in->out      fanout   Delay   Delay  Logical Name (Net Name)
    ----------------------------------------  ------------
     IBUF:I->O             4   0.715   1.074  punti_IBUF (punti_IBUF)
     LUT2:I0->O            3   0.479   0.794  perder1 (perder)
     LUT4:I3->O            1   0.479   0.681  control_aux_2_mux00011 (control_2_OBUF)
     OBUF:I->O                 4.909          control_2_OBUF (control<2>)
    ----------------------------------------
    Total                      9.131ns (6.582ns logic, 2.549ns route)
                                       (72.1% logic, 27.9% route)

=========================================================================


Total REAL time to Xst completion: 3.00 secs
Total CPU time to Xst completion: 3.06 secs
 
--> 

Total memory usage is 255244 kilobytes

Number of errors   :    0 (   0 filtered)
Number of warnings :    0 (   0 filtered)
Number of infos    :    0 (   0 filtered)

