Running: C:\Xilinx\14.7\ISE_DS\ISE\bin\nt64\unwrapped\fuse.exe -intstyle ise -incremental -o C:/Xilinx/Practica6/tb_alg_isim_beh.exe -prj C:/Xilinx/Practica6/tb_alg_beh.prj work.tb_alg 
ISim P.20131013 (signature 0x7708f090)
Number of CPUs detected in this system: 4
Turning on mult-threading, number of parallel sub-compilation jobs: 8 
Determining compilation order of HDL files
Parsing VHDL file "C:/Xilinx/Practica6/updown_counter.vhd" into library work
Parsing VHDL file "C:/Xilinx/Practica6/sram_memory.vhd" into library work
Parsing VHDL file "C:/Xilinx/Practica6/registrogenerico.vhd" into library work
Parsing VHDL file "C:/Xilinx/Practica6/multiplicador.vhd" into library work
Parsing VHDL file "C:/Xilinx/Practica6/data_path.vhd" into library work
Parsing VHDL file "C:/Xilinx/Practica6/controller.vhd" into library work
Parsing VHDL file "C:/Xilinx/Practica6/algorithmic.vhd" into library work
Parsing VHDL file "C:/Xilinx/Practica6/simalgorithmic.vhd" into library work
Starting static elaboration
Completed static elaboration
Compiling package standard
Compiling package std_logic_1164
Compiling package numeric_std
Compiling architecture behavioral of entity controller [controller_default]
Compiling package std_logic_arith
Compiling package std_logic_unsigned
Compiling architecture behavioral of entity registrogenerico [\registrogenerico(5)\]
Compiling architecture behavioral of entity registrogenerico [\registrogenerico(16)\]
Compiling architecture behavioral of entity registrogenerico [\registrogenerico(32)\]
Compiling architecture behavioral of entity multiplicador [multiplicador_default]
Compiling architecture behavioral of entity sram_memory [sram_memory_default]
Compiling architecture behavioral of entity updown_counter [\updown_counter(5)\]
Compiling architecture estructural of entity data_path [data_path_default]
Compiling architecture behavioral of entity algorithmic [algorithmic_default]
Compiling architecture behavior of entity tb_alg
Time Resolution for simulation is 1ps.
Waiting for 3 sub-compilation(s) to finish...
WARNING:Simulator - Unable to copy libPortabilityNOSH.dll to the simulation executable directory: boost::filesystem::copy_file: El sistema no puede encontrar la ruta especificada, "isim\tb_alg_isim_beh.exe.sim\libPortability.dll".
Compiled 24 VHDL Units
Built simulation executable C:/Xilinx/Practica6/tb_alg_isim_beh.exe
Fuse Memory Usage: 35512 KB
Fuse CPU Usage: 1656 ms
