Release 14.7 - xst P.20131013 (nt64)
Copyright (c) 1995-2013 Xilinx, Inc.  All rights reserved.
--> Parameter TMPDIR set to xst/projnav.tmp


Total REAL time to Xst completion: 1.00 secs
Total CPU time to Xst completion: 0.25 secs
 
--> Parameter xsthdpdir set to xst


Total REAL time to Xst completion: 1.00 secs
Total CPU time to Xst completion: 0.25 secs
 
--> Reading design: controller.prj

TABLE OF CONTENTS
  1) Synthesis Options Summary
  2) HDL Compilation
  3) Design Hierarchy Analysis
  4) HDL Analysis
  5) HDL Synthesis
     5.1) HDL Synthesis Report
  6) Advanced HDL Synthesis
     6.1) Advanced HDL Synthesis Report
  7) Low Level Synthesis
  8) Partition Report
  9) Final Report
	9.1) Device utilization summary
	9.2) Partition Resource Summary
	9.3) TIMING REPORT


=========================================================================
*                      Synthesis Options Summary                        *
=========================================================================
---- Source Parameters
Input File Name                    : "controller.prj"
Input Format                       : mixed
Ignore Synthesis Constraint File   : NO

---- Target Parameters
Output File Name                   : "controller"
Output Format                      : NGC
Target Device                      : xc3s1000-5-ft256

---- Source Options
Top Module Name                    : controller
Automatic FSM Extraction           : YES
FSM Encoding Algorithm             : Auto
Safe Implementation                : No
FSM Style                          : LUT
RAM Extraction                     : Yes
RAM Style                          : Auto
ROM Extraction                     : Yes
Mux Style                          : Auto
Decoder Extraction                 : YES
Priority Encoder Extraction        : Yes
Shift Register Extraction          : YES
Logical Shifter Extraction         : YES
XOR Collapsing                     : YES
ROM Style                          : Auto
Mux Extraction                     : Yes
Resource Sharing                   : YES
Asynchronous To Synchronous        : NO
Multiplier Style                   : Auto
Automatic Register Balancing       : No

---- Target Options
Add IO Buffers                     : YES
Global Maximum Fanout              : 100000
Add Generic Clock Buffer(BUFG)     : 8
Register Duplication               : YES
Slice Packing                      : YES
Optimize Instantiated Primitives   : NO
Use Clock Enable                   : Yes
Use Synchronous Set                : Yes
Use Synchronous Reset              : Yes
Pack IO Registers into IOBs        : Auto
Equivalent register Removal        : YES

---- General Options
Optimization Goal                  : Speed
Optimization Effort                : 1
Keep Hierarchy                     : No
Netlist Hierarchy                  : As_Optimized
RTL Output                         : Yes
Global Optimization                : AllClockNets
Read Cores                         : YES
Write Timing Constraints           : NO
Cross Clock Analysis               : NO
Hierarchy Separator                : /
Bus Delimiter                      : <>
Case Specifier                     : Maintain
Slice Utilization Ratio            : 100
BRAM Utilization Ratio             : 100
Verilog 2001                       : YES
Auto BRAM Packing                  : NO
Slice Utilization Ratio Delta      : 5

=========================================================================


=========================================================================
*                          HDL Compilation                              *
=========================================================================
Compiling vhdl file "C:/Xilinx/Practica5/controller.vhd" in Library work.
Entity <controller> compiled.
Entity <controller> (Architecture <behavioral>) compiled.

=========================================================================
*                     Design Hierarchy Analysis                         *
=========================================================================
Analyzing hierarchy for entity <controller> in library <work> (architecture <behavioral>).


=========================================================================
*                            HDL Analysis                               *
=========================================================================
Analyzing Entity <controller> in library <work> (Architecture <behavioral>).
Entity <controller> analyzed. Unit <controller> generated.


=========================================================================
*                           HDL Synthesis                               *
=========================================================================

Performing bidirectional port resolution...

Synthesizing Unit <controller>.
    Related source file is "C:/Xilinx/Practica5/controller.vhd".
    Found finite state machine <FSM_0> for signal <STATE>.
    -----------------------------------------------------------------------
    | States             | 8                                              |
    | Transitions        | 15                                             |
    | Inputs             | 6                                              |
    | Outputs            | 8                                              |
    | Clock              | clk                       (rising_edge)        |
    | Reset              | reset                     (positive)           |
    | Reset type         | asynchronous                                   |
    | Reset State        | s0                                             |
    | Power Up State     | s0                                             |
    | Encoding           | automatic                                      |
    | Implementation     | LUT                                            |
    -----------------------------------------------------------------------
    Summary:
	inferred   1 Finite State Machine(s).
Unit <controller> synthesized.


=========================================================================
HDL Synthesis Report

Found no macro
=========================================================================

=========================================================================
*                       Advanced HDL Synthesis                          *
=========================================================================

Analyzing FSM <FSM_0> for best encoding.
Optimizing FSM <STATE/FSM> on signal <STATE[1:8]> with one-hot encoding.
-------------------
 State | Encoding
-------------------
 s0    | 00000001
 s1    | 00000010
 s2    | 00000100
 s3    | 00001000
 s4    | 00010000
 s5    | 00100000
 s6    | 01000000
 s7    | 10000000
-------------------

=========================================================================
Advanced HDL Synthesis Report

Macro Statistics
# FSMs                                                 : 1

=========================================================================

=========================================================================
*                         Low Level Synthesis                           *
=========================================================================

Optimizing unit <controller> ...

Mapping all equations...
Building and optimizing final netlist ...
Found area constraint ratio of 100 (+ 5) on block controller, actual ratio is 0.

Final Macro Processing ...

=========================================================================
Final Register Report

Macro Statistics
# Registers                                            : 8
 Flip-Flops                                            : 8

=========================================================================

=========================================================================
*                           Partition Report                            *
=========================================================================

Partition Implementation Status
-------------------------------

  No Partitions were found in this design.

-------------------------------

=========================================================================
*                            Final Report                               *
=========================================================================
Final Results
RTL Top Level Output File Name     : controller.ngr
Top Level Output File Name         : controller
Output Format                      : NGC
Optimization Goal                  : Speed
Keep Hierarchy                     : No

Design Statistics
# IOs                              : 15

Cell Usage :
# BELS                             : 15
#      LUT2                        : 5
#      LUT2_L                      : 1
#      LUT3_L                      : 1
#      LUT4                        : 6
#      MUXF5                       : 1
#      VCC                         : 1
# FlipFlops/Latches                : 8
#      FDC                         : 7
#      FDP                         : 1
# Clock Buffers                    : 1
#      BUFGP                       : 1
# IO Buffers                       : 14
#      IBUF                        : 7
#      OBUF                        : 7
=========================================================================

Device utilization summary:
---------------------------

Selected Device : 3s1000ft256-5 

 Number of Slices:                        8  out of   7680     0%  
 Number of Slice Flip Flops:              8  out of  15360     0%  
 Number of 4 input LUTs:                 13  out of  15360     0%  
 Number of IOs:                          15
 Number of bonded IOBs:                  15  out of    173     8%  
 Number of GCLKs:                         1  out of      8    12%  

---------------------------
Partition Resource Summary:
---------------------------

  No Partitions were found in this design.

---------------------------


=========================================================================
TIMING REPORT

NOTE: THESE TIMING NUMBERS ARE ONLY A SYNTHESIS ESTIMATE.
      FOR ACCURATE TIMING INFORMATION PLEASE REFER TO THE TRACE REPORT
      GENERATED AFTER PLACE-and-ROUTE.

Clock Information:
------------------
-----------------------------------+------------------------+-------+
Clock Signal                       | Clock buffer(FF name)  | Load  |
-----------------------------------+------------------------+-------+
clk                                | BUFGP                  | 8     |
-----------------------------------+------------------------+-------+

Asynchronous Control Signals Information:
----------------------------------------
-----------------------------------+------------------------+-------+
Control Signal                     | Buffer(FF name)        | Load  |
-----------------------------------+------------------------+-------+
reset                              | IBUF                   | 8     |
-----------------------------------+------------------------+-------+

Timing Summary:
---------------
Speed Grade: -5

   Minimum period: 3.330ns (Maximum Frequency: 300.318MHz)
   Minimum input arrival time before clock: 5.118ns
   Maximum output required time after clock: 8.075ns
   Maximum combinational path delay: 8.013ns

Timing Detail:
--------------
All values displayed in nanoseconds (ns)

=========================================================================
Timing constraint: Default period analysis for Clock 'clk'
  Clock period: 3.330ns (frequency: 300.318MHz)
  Total number of paths / destination ports: 14 / 8
-------------------------------------------------------------------------
Delay:               3.330ns (Levels of Logic = 2)
  Source:            STATE_FSM_FFd7 (FF)
  Destination:       STATE_FSM_FFd7 (FF)
  Source Clock:      clk rising
  Destination Clock: clk rising

  Data Path: STATE_FSM_FFd7 to STATE_FSM_FFd7
                                Gate     Net
    Cell:in->out      fanout   Delay   Delay  Logical Name (Net Name)
    ----------------------------------------  ------------
     FDC:C->Q              3   0.626   0.830  STATE_FSM_FFd7 (STATE_FSM_FFd7)
     LUT4:I2->O            1   0.479   0.740  STATE_FSM_FFd7-In21 (STATE_FSM_FFd7-In21)
     LUT4:I2->O            1   0.479   0.000  STATE_FSM_FFd7-In25 (STATE_FSM_FFd7-In)
     FDC:D                     0.176          STATE_FSM_FFd7
    ----------------------------------------
    Total                      3.330ns (1.760ns logic, 1.570ns route)
                                       (52.9% logic, 47.1% route)

=========================================================================
Timing constraint: Default OFFSET IN BEFORE for Clock 'clk'
  Total number of paths / destination ports: 12 / 5
-------------------------------------------------------------------------
Offset:              5.118ns (Levels of Logic = 4)
  Source:            b_pc (PAD)
  Destination:       STATE_FSM_FFd7 (FF)
  Destination Clock: clk rising

  Data Path: b_pc to STATE_FSM_FFd7
                                Gate     Net
    Cell:in->out      fanout   Delay   Delay  Logical Name (Net Name)
    ----------------------------------------  ------------
     IBUF:I->O             4   0.715   1.074  b_pc_IBUF (b_pc_IBUF)
     LUT2:I0->O            1   0.479   0.976  STATE_FSM_FFd7-In11 (STATE_FSM_FFd7-In11)
     LUT4:I0->O            1   0.479   0.740  STATE_FSM_FFd7-In21 (STATE_FSM_FFd7-In21)
     LUT4:I2->O            1   0.479   0.000  STATE_FSM_FFd7-In25 (STATE_FSM_FFd7-In)
     FDC:D                     0.176          STATE_FSM_FFd7
    ----------------------------------------
    Total                      5.118ns (2.328ns logic, 2.790ns route)
                                       (45.5% logic, 54.5% route)

=========================================================================
Timing constraint: Default OFFSET OUT AFTER for Clock 'clk'
  Total number of paths / destination ports: 10 / 7
-------------------------------------------------------------------------
Offset:              8.075ns (Levels of Logic = 3)
  Source:            STATE_FSM_FFd3 (FF)
  Destination:       control<1> (PAD)
  Source Clock:      clk rising

  Data Path: STATE_FSM_FFd3 to control<1>
                                Gate     Net
    Cell:in->out      fanout   Delay   Delay  Logical Name (Net Name)
    ----------------------------------------  ------------
     FDC:C->Q              3   0.626   1.066  STATE_FSM_FFd3 (STATE_FSM_FFd3)
     LUT4:I0->O            1   0.479   0.000  control_aux_1_mux00011 (control_aux_1_mux0001)
     MUXF5:I0->O           1   0.314   0.681  control_aux_1_mux0001_f5 (control_1_OBUF)
     OBUF:I->O                 4.909          control_1_OBUF (control<1>)
    ----------------------------------------
    Total                      8.075ns (6.328ns logic, 1.747ns route)
                                       (78.4% logic, 21.6% route)

=========================================================================
Timing constraint: Default path analysis
  Total number of paths / destination ports: 6 / 4
-------------------------------------------------------------------------
Delay:               8.013ns (Levels of Logic = 4)
  Source:            punt<0> (PAD)
  Destination:       control<1> (PAD)

  Data Path: punt<0> to control<1>
                                Gate     Net
    Cell:in->out      fanout   Delay   Delay  Logical Name (Net Name)
    ----------------------------------------  ------------
     IBUF:I->O             2   0.715   0.915  punt_0_IBUF (punt_0_IBUF)
     LUT4:I1->O            1   0.479   0.000  control_aux_1_mux00011 (control_aux_1_mux0001)
     MUXF5:I0->O           1   0.314   0.681  control_aux_1_mux0001_f5 (control_1_OBUF)
     OBUF:I->O                 4.909          control_1_OBUF (control<1>)
    ----------------------------------------
    Total                      8.013ns (6.417ns logic, 1.596ns route)
                                       (80.1% logic, 19.9% route)

=========================================================================


Total REAL time to Xst completion: 12.00 secs
Total CPU time to Xst completion: 11.75 secs
 
--> 

Total memory usage is 249572 kilobytes

Number of errors   :    0 (   0 filtered)
Number of warnings :    0 (   0 filtered)
Number of infos    :    0 (   0 filtered)

