Release 14.7 - xst P.20131013 (nt64)
Copyright (c) 1995-2013 Xilinx, Inc.  All rights reserved.
--> Parameter TMPDIR set to xst/projnav.tmp


Total REAL time to Xst completion: 0.00 secs
Total CPU time to Xst completion: 0.25 secs
 
--> Parameter xsthdpdir set to xst


Total REAL time to Xst completion: 0.00 secs
Total CPU time to Xst completion: 0.25 secs
 
--> Reading design: data_path.prj

TABLE OF CONTENTS
  1) Synthesis Options Summary
  2) HDL Compilation
  3) Design Hierarchy Analysis
  4) HDL Analysis
  5) HDL Synthesis
     5.1) HDL Synthesis Report
  6) Advanced HDL Synthesis
     6.1) Advanced HDL Synthesis Report
  7) Low Level Synthesis
  8) Partition Report
  9) Final Report
	9.1) Device utilization summary
	9.2) Partition Resource Summary
	9.3) TIMING REPORT


=========================================================================
*                      Synthesis Options Summary                        *
=========================================================================
---- Source Parameters
Input File Name                    : "data_path.prj"
Input Format                       : mixed
Ignore Synthesis Constraint File   : NO

---- Target Parameters
Output File Name                   : "data_path"
Output Format                      : NGC
Target Device                      : xc3s1000-5-ft256

---- Source Options
Top Module Name                    : data_path
Automatic FSM Extraction           : YES
FSM Encoding Algorithm             : Auto
Safe Implementation                : No
FSM Style                          : LUT
RAM Extraction                     : Yes
RAM Style                          : Auto
ROM Extraction                     : Yes
Mux Style                          : Auto
Decoder Extraction                 : YES
Priority Encoder Extraction        : Yes
Shift Register Extraction          : YES
Logical Shifter Extraction         : YES
XOR Collapsing                     : YES
ROM Style                          : Auto
Mux Extraction                     : Yes
Resource Sharing                   : YES
Asynchronous To Synchronous        : NO
Multiplier Style                   : Auto
Automatic Register Balancing       : No

---- Target Options
Add IO Buffers                     : YES
Global Maximum Fanout              : 100000
Add Generic Clock Buffer(BUFG)     : 8
Register Duplication               : YES
Slice Packing                      : YES
Optimize Instantiated Primitives   : NO
Use Clock Enable                   : Yes
Use Synchronous Set                : Yes
Use Synchronous Reset              : Yes
Pack IO Registers into IOBs        : Auto
Equivalent register Removal        : YES

---- General Options
Optimization Goal                  : Speed
Optimization Effort                : 1
Keep Hierarchy                     : No
Netlist Hierarchy                  : As_Optimized
RTL Output                         : Yes
Global Optimization                : AllClockNets
Read Cores                         : YES
Write Timing Constraints           : NO
Cross Clock Analysis               : NO
Hierarchy Separator                : /
Bus Delimiter                      : <>
Case Specifier                     : Maintain
Slice Utilization Ratio            : 100
BRAM Utilization Ratio             : 100
Verilog 2001                       : YES
Auto BRAM Packing                  : NO
Slice Utilization Ratio Delta      : 5

=========================================================================


=========================================================================
*                          HDL Compilation                              *
=========================================================================
Compiling vhdl file "C:/Xilinx/Practica5/registro.vhd" in Library work.
Architecture behavioral of Entity registro is up to date.
Compiling vhdl file "C:/Xilinx/Practica5/rams.vhd" in Library work.
Architecture circuito of Entity rams is up to date.
Compiling vhdl file "C:/Xilinx/Practica5/contador.vhd" in Library work.
Architecture behavioral of Entity contador is up to date.
Compiling vhdl file "C:/Xilinx/Practica5/conversor.vhd" in Library work.
Architecture behavioral of Entity conversor is up to date.
Compiling vhdl file "C:/Xilinx/Practica5/conv_7seg.vhd" in Library work.
Architecture behavioral of Entity conv_7seg is up to date.
Compiling vhdl file "C:/Xilinx/Practica5/data_path.vhd" in Library work.
Architecture estructural of Entity data_path is up to date.

=========================================================================
*                     Design Hierarchy Analysis                         *
=========================================================================
Analyzing hierarchy for entity <data_path> in library <work> (architecture <estructural>).

Analyzing hierarchy for entity <registro> in library <work> (architecture <behavioral>).

Analyzing hierarchy for entity <rams> in library <work> (architecture <circuito>).

Analyzing hierarchy for entity <contador> in library <work> (architecture <behavioral>).

Analyzing hierarchy for entity <conversor> in library <work> (architecture <behavioral>).

Analyzing hierarchy for entity <conv_7seg> in library <work> (architecture <behavioral>).


=========================================================================
*                            HDL Analysis                               *
=========================================================================
Analyzing Entity <data_path> in library <work> (Architecture <estructural>).
Entity <data_path> analyzed. Unit <data_path> generated.

Analyzing Entity <registro> in library <work> (Architecture <behavioral>).
Entity <registro> analyzed. Unit <registro> generated.

Analyzing Entity <rams> in library <work> (Architecture <circuito>).
Entity <rams> analyzed. Unit <rams> generated.

Analyzing Entity <contador> in library <work> (Architecture <behavioral>).
Entity <contador> analyzed. Unit <contador> generated.

Analyzing Entity <conversor> in library <work> (Architecture <behavioral>).
Entity <conversor> analyzed. Unit <conversor> generated.

Analyzing Entity <conv_7seg> in library <work> (Architecture <behavioral>).
Entity <conv_7seg> analyzed. Unit <conv_7seg> generated.


=========================================================================
*                           HDL Synthesis                               *
=========================================================================

Performing bidirectional port resolution...

Synthesizing Unit <registro>.
    Related source file is "C:/Xilinx/Practica5/registro.vhd".
    Found 6-bit register for signal <Q>.
    Summary:
	inferred   6 D-type flip-flop(s).
Unit <registro> synthesized.


Synthesizing Unit <rams>.
    Related source file is "C:/Xilinx/Practica5/rams.vhd".
    Found 64x4-bit single-port RAM <Mram_RAM> for signal <RAM>.
    Found 4-bit register for signal <do>.
    Summary:
	inferred   1 RAM(s).
	inferred   4 D-type flip-flop(s).
Unit <rams> synthesized.


Synthesizing Unit <contador>.
    Related source file is "C:/Xilinx/Practica5/contador.vhd".
    Found 6-bit up counter for signal <B_i>.
    Summary:
	inferred   1 Counter(s).
Unit <contador> synthesized.


Synthesizing Unit <conversor>.
    Related source file is "C:/Xilinx/Practica5/conversor.vhd".
    Found 32x8-bit ROM for signal <$rom0000>.
    Summary:
	inferred   1 ROM(s).
Unit <conversor> synthesized.


Synthesizing Unit <conv_7seg>.
    Related source file is "C:/Xilinx/Practica5/conv_7seg.vhd".
    Found 16x7-bit ROM for signal <display>.
    Summary:
	inferred   1 ROM(s).
Unit <conv_7seg> synthesized.


Synthesizing Unit <data_path>.
    Related source file is "C:/Xilinx/Practica5/data_path.vhd".
    Found 6-bit comparator less for signal <punt$cmp_lt0000> created at line 112.
    Found 6-bit adder for signal <sum_i>.
    Summary:
	inferred   1 Adder/Subtractor(s).
	inferred   1 Comparator(s).
Unit <data_path> synthesized.


=========================================================================
HDL Synthesis Report

Macro Statistics
# RAMs                                                 : 1
 64x4-bit single-port RAM                              : 1
# ROMs                                                 : 3
 16x7-bit ROM                                          : 2
 32x8-bit ROM                                          : 1
# Adders/Subtractors                                   : 1
 6-bit adder                                           : 1
# Counters                                             : 1
 6-bit up counter                                      : 1
# Registers                                            : 3
 4-bit register                                        : 1
 6-bit register                                        : 2
# Comparators                                          : 1
 6-bit comparator less                                 : 1

=========================================================================

=========================================================================
*                       Advanced HDL Synthesis                          *
=========================================================================


Synthesizing (advanced) Unit <rams>.
INFO:Xst:3231 - The small RAM <Mram_RAM> will be implemented on LUTs in order to maximize performance and save block RAM resources. If you want to force its implementation on block, use option/constraint ram_style.
    -----------------------------------------------------------------------
    | ram_type           | Distributed                         |          |
    -----------------------------------------------------------------------
    | Port A                                                              |
    |     aspect ratio   | 64-word x 4-bit                     |          |
    |     clkA           | connected to signal <clk>           | rise     |
    |     weA            | connected to signal <we>            | high     |
    |     addrA          | connected to signal <addr>          |          |
    |     diA            | connected to internal node          |          |
    |     doA            | connected to internal node          |          |
    -----------------------------------------------------------------------
Unit <rams> synthesized (advanced).

=========================================================================
Advanced HDL Synthesis Report

Macro Statistics
# RAMs                                                 : 1
 64x4-bit single-port distributed RAM                  : 1
# ROMs                                                 : 3
 16x7-bit ROM                                          : 2
 32x8-bit ROM                                          : 1
# Adders/Subtractors                                   : 1
 6-bit adder                                           : 1
# Counters                                             : 1
 6-bit up counter                                      : 1
# Registers                                            : 16
 Flip-Flops                                            : 16
# Comparators                                          : 1
 6-bit comparator less                                 : 1

=========================================================================

=========================================================================
*                         Low Level Synthesis                           *
=========================================================================

Optimizing unit <data_path> ...

Mapping all equations...
Building and optimizing final netlist ...
Found area constraint ratio of 100 (+ 5) on block data_path, actual ratio is 0.

Final Macro Processing ...

=========================================================================
Final Register Report

Macro Statistics
# Registers                                            : 22
 Flip-Flops                                            : 22

=========================================================================

=========================================================================
*                           Partition Report                            *
=========================================================================

Partition Implementation Status
-------------------------------

  No Partitions were found in this design.

-------------------------------

=========================================================================
*                            Final Report                               *
=========================================================================
Final Results
RTL Top Level Output File Name     : data_path.ngr
Top Level Output File Name         : data_path
Output Format                      : NGC
Optimization Goal                  : Speed
Keep Hierarchy                     : No

Design Statistics
# IOs                              : 27

Cell Usage :
# BELS                             : 56
#      GND                         : 1
#      INV                         : 1
#      LUT2                        : 5
#      LUT2_L                      : 1
#      LUT3                        : 14
#      LUT3_D                      : 1
#      LUT4                        : 25
#      LUT4_D                      : 2
#      LUT4_L                      : 1
#      MUXF5                       : 4
#      VCC                         : 1
# FlipFlops/Latches                : 22
#      FD                          : 4
#      FDC                         : 6
#      FDCE                        : 12
# RAMS                             : 8
#      RAM32X1S                    : 8
# Clock Buffers                    : 1
#      BUFGP                       : 1
# IO Buffers                       : 26
#      IBUF                        : 5
#      OBUF                        : 21
=========================================================================

Device utilization summary:
---------------------------

Selected Device : 3s1000ft256-5 

 Number of Slices:                       37  out of   7680     0%  
 Number of Slice Flip Flops:             22  out of  15360     0%  
 Number of 4 input LUTs:                 66  out of  15360     0%  
    Number used as logic:                50
    Number used as RAMs:                 16
 Number of IOs:                          27
 Number of bonded IOBs:                  27  out of    173    15%  
 Number of GCLKs:                         1  out of      8    12%  

---------------------------
Partition Resource Summary:
---------------------------

  No Partitions were found in this design.

---------------------------


=========================================================================
TIMING REPORT

NOTE: THESE TIMING NUMBERS ARE ONLY A SYNTHESIS ESTIMATE.
      FOR ACCURATE TIMING INFORMATION PLEASE REFER TO THE TRACE REPORT
      GENERATED AFTER PLACE-and-ROUTE.

Clock Information:
------------------
-----------------------------------+------------------------+-------+
Clock Signal                       | Clock buffer(FF name)  | Load  |
-----------------------------------+------------------------+-------+
clk                                | BUFGP                  | 30    |
-----------------------------------+------------------------+-------+

Asynchronous Control Signals Information:
----------------------------------------
-----------------------------------+------------------------+-------+
Control Signal                     | Buffer(FF name)        | Load  |
-----------------------------------+------------------------+-------+
reset                              | IBUF                   | 18    |
-----------------------------------+------------------------+-------+

Timing Summary:
---------------
Speed Grade: -5

   Minimum period: 4.822ns (Maximum Frequency: 207.394MHz)
   Minimum input arrival time before clock: 3.211ns
   Maximum output required time after clock: 10.803ns
   Maximum combinational path delay: No path found

Timing Detail:
--------------
All values displayed in nanoseconds (ns)

=========================================================================
Timing constraint: Default period analysis for Clock 'clk'
  Clock period: 4.822ns (frequency: 207.394MHz)
  Total number of paths / destination ports: 177 / 70
-------------------------------------------------------------------------
Delay:               4.822ns (Levels of Logic = 3)
  Source:            memoria/do_1 (FF)
  Destination:       reg_score/Q_5 (FF)
  Source Clock:      clk rising
  Destination Clock: clk rising

  Data Path: memoria/do_1 to reg_score/Q_5
                                Gate     Net
    Cell:in->out      fanout   Delay   Delay  Logical Name (Net Name)
    ----------------------------------------  ------------
     FD:C->Q               4   0.626   1.074  memoria/do_1 (memoria/do_1)
     LUT4_D:I0->O          2   0.479   0.804  Madd_sum_i_cy<1>11 (Madd_sum_i_cy<1>)
     LUT3_D:I2->O          1   0.479   0.704  Madd_sum_i_cy<3>11_SW0 (N17)
     LUT4:I3->O            1   0.479   0.000  rscore_i<5>1 (rscore_i<5>)
     FDCE:D                    0.176          reg_score/Q_5
    ----------------------------------------
    Total                      4.822ns (2.239ns logic, 2.583ns route)
                                       (46.4% logic, 53.6% route)

=========================================================================
Timing constraint: Default OFFSET IN BEFORE for Clock 'clk'
  Total number of paths / destination ports: 26 / 26
-------------------------------------------------------------------------
Offset:              3.211ns (Levels of Logic = 2)
  Source:            control<2> (PAD)
  Destination:       memoria/Mram_RAM1 (RAM)
  Destination Clock: clk rising

  Data Path: control<2> to memoria/Mram_RAM1
                                Gate     Net
    Cell:in->out      fanout   Delay   Delay  Logical Name (Net Name)
    ----------------------------------------  ------------
     IBUF:I->O             2   0.715   0.915  control_2_IBUF (control_2_IBUF)
     LUT2:I1->O            4   0.479   0.779  write_ctrl1 (write_ctrl1)
     RAM32X1S:WE               0.322          memoria/Mram_RAM2
    ----------------------------------------
    Total                      3.211ns (1.516ns logic, 1.695ns route)
                                       (47.2% logic, 52.8% route)

=========================================================================
Timing constraint: Default OFFSET OUT AFTER for Clock 'clk'
  Total number of paths / destination ports: 211 / 20
-------------------------------------------------------------------------
Offset:              10.803ns (Levels of Logic = 4)
  Source:            reg_score/Q_2 (FF)
  Destination:       punt1<1> (PAD)
  Source Clock:      clk rising

  Data Path: reg_score/Q_2 to punt1<1>
                                Gate     Net
    Cell:in->out      fanout   Delay   Delay  Logical Name (Net Name)
    ----------------------------------------  ------------
     FDCE:C->Q            12   0.626   1.245  reg_score/Q_2 (reg_score/Q_2)
     LUT3:I0->O            1   0.479   0.704  converBCD/punt1<0>_SW0 (N41)
     LUT4:I3->O            7   0.479   1.201  converBCD/punt1<0> (punt1_i<0>)
     LUT4:I0->O            1   0.479   0.681  conver7seg1/Mrom_display111 (punt1_1_OBUF)
     OBUF:I->O                 4.909          punt1_1_OBUF (punt1<1>)
    ----------------------------------------
    Total                     10.803ns (6.972ns logic, 3.831ns route)
                                       (64.5% logic, 35.5% route)

=========================================================================


Total REAL time to Xst completion: 13.00 secs
Total CPU time to Xst completion: 12.91 secs
 
--> 

Total memory usage is 249524 kilobytes

Number of errors   :    0 (   0 filtered)
Number of warnings :    0 (   0 filtered)
Number of infos    :    1 (   0 filtered)

