Running: C:\Xilinx\14.7\ISE_DS\ISE\bin\nt64\unwrapped\fuse.exe -intstyle ise -incremental -o C:/Xilinx/Practica5/simblack_jack_isim_beh.exe -prj C:/Xilinx/Practica5/simblack_jack_beh.prj simblack_jack 
ISim P.20131013 (signature 0x7708f090)
Number of CPUs detected in this system: 4
Turning on mult-threading, number of parallel sub-compilation jobs: 8 
Determining compilation order of HDL files
Parsing VHDL file "C:/Xilinx/Practica5/registro.vhd" into library work
Parsing VHDL file "C:/Xilinx/Practica5/rams.vhd" into library work
Parsing VHDL file "C:/Xilinx/Practica5/conv_7seg.vhd" into library work
Parsing VHDL file "C:/Xilinx/Practica5/conversor.vhd" into library work
Parsing VHDL file "C:/Xilinx/Practica5/contador.vhd" into library work
Parsing VHDL file "C:/Xilinx/Practica5/data_path.vhd" into library work
Parsing VHDL file "C:/Xilinx/Practica5/controller.vhd" into library work
Parsing VHDL file "C:/Xilinx/Practica5/black_jack.vhd" into library work
Parsing VHDL file "C:/Xilinx/Practica5/simblack_jack.vhd" into library work
Starting static elaboration
Completed static elaboration
Compiling package standard
Compiling package std_logic_1164
Compiling package numeric_std
Compiling architecture behavioral of entity controller [controller_default]
Compiling package std_logic_arith
Compiling package std_logic_unsigned
Compiling architecture behavioral of entity registro [registro_default]
Compiling architecture circuito of entity rams [rams_default]
Compiling architecture behavioral of entity contador [contador_default]
Compiling architecture behavioral of entity conversor [conversor_default]
Compiling architecture behavioral of entity conv_7seg [conv_7seg_default]
Compiling architecture estructural of entity data_path [data_path_default]
Compiling architecture estructural of entity black_jack [black_jack_default]
Compiling architecture behavior of entity simblack_jack
Time Resolution for simulation is 1ps.
Waiting for 2 sub-compilation(s) to finish...
WARNING:Simulator - Unable to copy libPortabilityNOSH.dll to the simulation executable directory: boost::filesystem::copy_file: El sistema no puede encontrar la ruta especificada, "isim\simblack_jack_isim_beh.exe.sim\libPortability.dll".
Compiled 22 VHDL Units
Built simulation executable C:/Xilinx/Practica5/simblack_jack_isim_beh.exe
Fuse Memory Usage: 35500 KB
Fuse CPU Usage: 1718 ms
